# JRE version: Java(TM) SE Runtime Environment (16.0.2+7) (build 16.0.2+7-67)
# Java VM: Java HotSpot(TM) 64-Bit Server VM (16.0.2+7-67, mixed mode, sharing, tiered, compressed oops, compressed class ptrs, g1 gc, windows-amd64)
GC Precious Log:
 CPUs: 8 total, 8 available
 Memory: 16149M
 Large Page Support: Disabled
 NUMA Support: Disabled
 Compressed Oops: Enabled (Zero based)
 Heap Region Size: 2M
 Heap Min Capacity: 8M
 Heap Initial Capacity: 254M
 Heap Max Capacity: 4038M
 Pre-touch: Disabled
 Parallel Workers: 8
 Concurrent Workers: 2
 Concurrent Refinement Workers: 8
 Periodic GC: Disabled
Heap:
 garbage-first heap   total 260096K, used 76741K [0x0000000703a00000, 0x0000000800000000)
  region size 2048K, 36 young (73728K), 2 survivors (4096K)
 Metaspace       used 12509K, committed 12736K, reserved 1064960K
  class space    used 881K, committed 960K, reserved 1048576K
GC Heap History (20 events):
Event: 6.528 GC heap before
{Heap before GC invocations=5 (full 0):
 garbage-first heap   total 260096K, used 161024K [0x0000000703a00000, 0x0000000800000000)
  region size 2048K, 76 young (155648K), 2 survivors (4096K)
 Metaspace       used 12314K, committed 12480K, reserved 1064960K
  class space    used 877K, committed 960K, reserved 1048576K
}
Event: 6.530 GC heap after
{Heap after GC invocations=6 (full 0):
 garbage-first heap   total 260096K, used 9263K [0x0000000703a00000, 0x0000000800000000)
  region size 2048K, 2 young (4096K), 2 survivors (4096K)
 Metaspace       used 12314K, committed 12480K, reserved 1064960K
  class space    used 877K, committed 960K, reserved 1048576K
}
Event: 7.790 GC heap before
{Heap before GC invocations=6 (full 0):
 garbage-first heap   total 260096K, used 160815K [0x0000000703a00000, 0x0000000800000000)
  region size 2048K, 76 young (155648K), 2 survivors (4096K)
 Metaspace       used 12315K, committed 12480K, reserved 1064960K
  class space    used 877K, committed 960K, reserved 1048576K
}
Event: 7.791 GC heap after
{Heap after GC invocations=7 (full 0):
 garbage-first heap   total 260096K, used 9313K [0x0000000703a00000, 0x0000000800000000)
  region size 2048K, 2 young (4096K), 2 survivors (4096K)
 Metaspace       used 12315K, committed 12480K, reserved 1064960K
  class space    used 877K, committed 960K, reserved 1048576K
}
Event: 9.038 GC heap before
{Heap before GC invocations=7 (full 0):
 garbage-first heap   total 260096K, used 160865K [0x0000000703a00000, 0x0000000800000000)
  region size 2048K, 76 young (155648K), 2 survivors (4096K)
 Metaspace       used 12324K, committed 12480K, reserved 1064960K
  class space    used 877K, committed 960K, reserved 1048576K
}
Event: 9.040 GC heap after
{Heap after GC invocations=8 (full 0):
 garbage-first heap   total 260096K, used 9616K [0x0000000703a00000, 0x0000000800000000)
  region size 2048K, 2 young (4096K), 2 survivors (4096K)
 Metaspace       used 12324K, committed 12480K, reserved 1064960K
  class space    used 877K, committed 960K, reserved 1048576K
}
Event: 10.272 GC heap before
{Heap before GC invocations=8 (full 0):
 garbage-first heap   total 260096K, used 161168K [0x0000000703a00000, 0x0000000800000000)
  region size 2048K, 76 young (155648K), 2 survivors (4096K)
 Metaspace       used 12331K, committed 12480K, reserved 1064960K
  class space    used 877K, committed 960K, reserved 1048576K
}
Event: 10.273 GC heap after
{Heap after GC invocations=9 (full 0):
 garbage-first heap   total 260096K, used 9154K [0x0000000703a00000, 0x0000000800000000)
  region size 2048K, 2 young (4096K), 2 survivors (4096K)
 Metaspace       used 12331K, committed 12480K, reserved 1064960K
  class space    used 877K, committed 960K, reserved 1048576K
}
Event: 11.500 GC heap before
{Heap before GC invocations=9 (full 0):
 garbage-first heap   total 260096K, used 160706K [0x0000000703a00000, 0x0000000800000000)
  region size 2048K, 76 young (155648K), 2 survivors (4096K)
 Metaspace       used 12399K, committed 12544K, reserved 1064960K
  class space    used 877K, committed 960K, reserved 1048576K
}
Event: 11.501 GC heap after
{Heap after GC invocations=10 (full 0):
 garbage-first heap   total 260096K, used 9621K [0x0000000703a00000, 0x0000000800000000)
  region size 2048K, 2 young (4096K), 2 survivors (4096K)
 Metaspace       used 12399K, committed 12544K, reserved 1064960K
  class space    used 877K, committed 960K, reserved 1048576K
}
Event: 12.724 GC heap before
{Heap before GC invocations=10 (full 0):
 garbage-first heap   total 260096K, used 161173K [0x0000000703a00000, 0x0000000800000000)
  region size 2048K, 76 young (155648K), 2 survivors (4096K)
 Metaspace       used 12399K, committed 12544K, reserved 1064960K
  class space    used 877K, committed 960K, reserved 1048576K
}
Event: 12.726 GC heap after
{Heap after GC invocations=11 (full 0):
 garbage-first heap   total 260096K, used 9183K [0x0000000703a00000, 0x0000000800000000)
  region size 2048K, 2 young (4096K), 2 survivors (4096K)
 Metaspace       used 12399K, committed 12544K, reserved 1064960K
  class space    used 877K, committed 960K, reserved 1048576K
}
Event: 13.993 GC heap before
{Heap before GC invocations=11 (full 0):
 garbage-first heap   total 260096K, used 160735K [0x0000000703a00000, 0x0000000800000000)
  region size 2048K, 76 young (155648K), 2 survivors (4096K)
 Metaspace       used 12403K, committed 12544K, reserved 1064960K
  class space    used 877K, committed 960K, reserved 1048576K
}
Event: 13.994 GC heap after
{Heap after GC invocations=12 (full 0):
 garbage-first heap   total 260096K, used 9663K [0x0000000703a00000, 0x0000000800000000)
  region size 2048K, 2 young (4096K), 2 survivors (4096K)
 Metaspace       used 12403K, committed 12544K, reserved 1064960K
  class space    used 877K, committed 960K, reserved 1048576K
}
Event: 15.234 GC heap before
{Heap before GC invocations=12 (full 0):
 garbage-first heap   total 260096K, used 161215K [0x0000000703a00000, 0x0000000800000000)
  region size 2048K, 76 young (155648K), 2 survivors (4096K)
 Metaspace       used 12459K, committed 12608K, reserved 1064960K
  class space    used 877K, committed 960K, reserved 1048576K
}
Event: 15.235 GC heap after
{Heap after GC invocations=13 (full 0):
 garbage-first heap   total 260096K, used 9661K [0x0000000703a00000, 0x0000000800000000)
  region size 2048K, 2 young (4096K), 2 survivors (4096K)
 Metaspace       used 12459K, committed 12608K, reserved 1064960K
  class space    used 877K, committed 960K, reserved 1048576K
}
Event: 16.475 GC heap before
{Heap before GC invocations=13 (full 0):
 garbage-first heap   total 260096K, used 161213K [0x0000000703a00000, 0x0000000800000000)
  region size 2048K, 76 young (155648K), 2 survivors (4096K)
 Metaspace       used 12459K, committed 12608K, reserved 1064960K
  class space    used 877K, committed 960K, reserved 1048576K
}
Event: 16.476 GC heap after
{Heap after GC invocations=14 (full 0):
 garbage-first heap   total 260096K, used 9171K [0x0000000703a00000, 0x0000000800000000)
  region size 2048K, 2 young (4096K), 2 survivors (4096K)
 Metaspace       used 12459K, committed 12608K, reserved 1064960K
  class space    used 877K, committed 960K, reserved 1048576K
}
Event: 17.737 GC heap before
{Heap before GC invocations=14 (full 0):
 garbage-first heap   total 260096K, used 160723K [0x0000000703a00000, 0x0000000800000000)
  region size 2048K, 76 young (155648K), 2 survivors (4096K)
 Metaspace       used 12465K, committed 12608K, reserved 1064960K
  class space    used 877K, committed 960K, reserved 1048576K
}
Event: 17.739 GC heap after
{Heap after GC invocations=15 (full 0):
 garbage-first heap   total 260096K, used 9157K [0x0000000703a00000, 0x0000000800000000)
  region size 2048K, 2 young (4096K), 2 survivors (4096K)
 Metaspace       used 12465K, committed 12608K, reserved 1064960K
  class space    used 877K, committed 960K, reserved 1048576K
}

