# JRE version: Java(TM) SE Runtime Environment (16.0.2+7) (build 16.0.2+7-67)
# Java VM: Java HotSpot(TM) 64-Bit Server VM (16.0.2+7-67, mixed mode, sharing, tiered, compressed oops, compressed class ptrs, g1 gc, windows-amd64)
GC Precious Log:
 CPUs: 8 total, 8 available
 Memory: 16149M
 Large Page Support: Disabled
 NUMA Support: Disabled
 Compressed Oops: Enabled (Zero based)
 Heap Region Size: 2M
 Heap Min Capacity: 8M
 Heap Initial Capacity: 254M
 Heap Max Capacity: 4038M
 Pre-touch: Disabled
 Parallel Workers: 8
 Concurrent Workers: 2
 Concurrent Refinement Workers: 8
 Periodic GC: Disabled
Heap:
 garbage-first heap   total 313344K, used 183223K [0x0000000703a00000, 0x0000000800000000)
  region size 2048K, 85 young (174080K), 1 survivors (2048K)
 Metaspace       used 12664K, committed 12864K, reserved 1064960K
  class space    used 903K, committed 1024K, reserved 1048576K
GC Heap History (20 events):
Event: 6.625 GC heap before
{Heap before GC invocations=47 (full 0):
 garbage-first heap   total 313344K, used 197583K [0x0000000703a00000, 0x0000000800000000)
  region size 2048K, 91 young (186368K), 1 survivors (2048K)
 Metaspace       used 12618K, committed 12800K, reserved 1064960K
  class space    used 899K, committed 1024K, reserved 1048576K
}
Event: 6.626 GC heap after
{Heap after GC invocations=48 (full 0):
 garbage-first heap   total 313344K, used 13237K [0x0000000703a00000, 0x0000000800000000)
  region size 2048K, 1 young (2048K), 1 survivors (2048K)
 Metaspace       used 12618K, committed 12800K, reserved 1064960K
  class space    used 899K, committed 1024K, reserved 1048576K
}
Event: 6.728 GC heap before
{Heap before GC invocations=48 (full 0):
 garbage-first heap   total 313344K, used 197557K [0x0000000703a00000, 0x0000000800000000)
  region size 2048K, 91 young (186368K), 1 survivors (2048K)
 Metaspace       used 12618K, committed 12800K, reserved 1064960K
  class space    used 899K, committed 1024K, reserved 1048576K
}
Event: 6.729 GC heap after
{Heap after GC invocations=49 (full 0):
 garbage-first heap   total 313344K, used 13266K [0x0000000703a00000, 0x0000000800000000)
  region size 2048K, 1 young (2048K), 1 survivors (2048K)
 Metaspace       used 12618K, committed 12800K, reserved 1064960K
  class space    used 899K, committed 1024K, reserved 1048576K
}
Event: 6.849 GC heap before
{Heap before GC invocations=49 (full 0):
 garbage-first heap   total 313344K, used 197586K [0x0000000703a00000, 0x0000000800000000)
  region size 2048K, 91 young (186368K), 1 survivors (2048K)
 Metaspace       used 12618K, committed 12800K, reserved 1064960K
  class space    used 899K, committed 1024K, reserved 1048576K
}
Event: 6.850 GC heap after
{Heap after GC invocations=50 (full 0):
 garbage-first heap   total 313344K, used 13245K [0x0000000703a00000, 0x0000000800000000)
  region size 2048K, 1 young (2048K), 1 survivors (2048K)
 Metaspace       used 12618K, committed 12800K, reserved 1064960K
  class space    used 899K, committed 1024K, reserved 1048576K
}
Event: 6.949 GC heap before
{Heap before GC invocations=50 (full 0):
 garbage-first heap   total 313344K, used 197565K [0x0000000703a00000, 0x0000000800000000)
  region size 2048K, 91 young (186368K), 1 survivors (2048K)
 Metaspace       used 12618K, committed 12800K, reserved 1064960K
  class space    used 899K, committed 1024K, reserved 1048576K
}
Event: 6.950 GC heap after
{Heap after GC invocations=51 (full 0):
 garbage-first heap   total 313344K, used 13251K [0x0000000703a00000, 0x0000000800000000)
  region size 2048K, 1 young (2048K), 1 survivors (2048K)
 Metaspace       used 12618K, committed 12800K, reserved 1064960K
  class space    used 899K, committed 1024K, reserved 1048576K
}
Event: 7.060 GC heap before
{Heap before GC invocations=51 (full 0):
 garbage-first heap   total 313344K, used 197571K [0x0000000703a00000, 0x0000000800000000)
  region size 2048K, 91 young (186368K), 1 survivors (2048K)
 Metaspace       used 12618K, committed 12800K, reserved 1064960K
  class space    used 899K, committed 1024K, reserved 1048576K
}
Event: 7.061 GC heap after
{Heap after GC invocations=52 (full 0):
 garbage-first heap   total 313344K, used 13220K [0x0000000703a00000, 0x0000000800000000)
  region size 2048K, 1 young (2048K), 1 survivors (2048K)
 Metaspace       used 12618K, committed 12800K, reserved 1064960K
  class space    used 899K, committed 1024K, reserved 1048576K
}
Event: 7.169 GC heap before
{Heap before GC invocations=52 (full 0):
 garbage-first heap   total 313344K, used 197540K [0x0000000703a00000, 0x0000000800000000)
  region size 2048K, 91 young (186368K), 1 survivors (2048K)
 Metaspace       used 12621K, committed 12800K, reserved 1064960K
  class space    used 899K, committed 1024K, reserved 1048576K
}
Event: 7.170 GC heap after
{Heap after GC invocations=53 (full 0):
 garbage-first heap   total 313344K, used 13284K [0x0000000703a00000, 0x0000000800000000)
  region size 2048K, 1 young (2048K), 1 survivors (2048K)
 Metaspace       used 12621K, committed 12800K, reserved 1064960K
  class space    used 899K, committed 1024K, reserved 1048576K
}
Event: 7.268 GC heap before
{Heap before GC invocations=53 (full 0):
 garbage-first heap   total 313344K, used 197604K [0x0000000703a00000, 0x0000000800000000)
  region size 2048K, 91 young (186368K), 1 survivors (2048K)
 Metaspace       used 12621K, committed 12800K, reserved 1064960K
  class space    used 899K, committed 1024K, reserved 1048576K
}
Event: 7.268 GC heap after
{Heap after GC invocations=54 (full 0):
 garbage-first heap   total 313344K, used 13250K [0x0000000703a00000, 0x0000000800000000)
  region size 2048K, 1 young (2048K), 1 survivors (2048K)
 Metaspace       used 12621K, committed 12800K, reserved 1064960K
  class space    used 899K, committed 1024K, reserved 1048576K
}
Event: 7.390 GC heap before
{Heap before GC invocations=54 (full 0):
 garbage-first heap   total 313344K, used 197570K [0x0000000703a00000, 0x0000000800000000)
  region size 2048K, 91 young (186368K), 1 survivors (2048K)
 Metaspace       used 12621K, committed 12800K, reserved 1064960K
  class space    used 899K, committed 1024K, reserved 1048576K
}
Event: 7.392 GC heap after
{Heap after GC invocations=55 (full 0):
 garbage-first heap   total 313344K, used 13240K [0x0000000703a00000, 0x0000000800000000)
  region size 2048K, 1 young (2048K), 1 survivors (2048K)
 Metaspace       used 12621K, committed 12800K, reserved 1064960K
  class space    used 899K, committed 1024K, reserved 1048576K
}
Event: 7.494 GC heap before
{Heap before GC invocations=55 (full 0):
 garbage-first heap   total 313344K, used 197560K [0x0000000703a00000, 0x0000000800000000)
  region size 2048K, 91 young (186368K), 1 survivors (2048K)
 Metaspace       used 12621K, committed 12800K, reserved 1064960K
  class space    used 899K, committed 1024K, reserved 1048576K
}
Event: 7.495 GC heap after
{Heap after GC invocations=56 (full 0):
 garbage-first heap   total 313344K, used 13268K [0x0000000703a00000, 0x0000000800000000)
  region size 2048K, 1 young (2048K), 1 survivors (2048K)
 Metaspace       used 12621K, committed 12800K, reserved 1064960K
  class space    used 899K, committed 1024K, reserved 1048576K
}
Event: 7.591 GC heap before
{Heap before GC invocations=56 (full 0):
 garbage-first heap   total 313344K, used 197588K [0x0000000703a00000, 0x0000000800000000)
  region size 2048K, 91 young (186368K), 1 survivors (2048K)
 Metaspace       used 12621K, committed 12800K, reserved 1064960K
  class space    used 899K, committed 1024K, reserved 1048576K
}
Event: 7.592 GC heap after
{Heap after GC invocations=57 (full 0):
 garbage-first heap   total 313344K, used 13239K [0x0000000703a00000, 0x0000000800000000)
  region size 2048K, 1 young (2048K), 1 survivors (2048K)
 Metaspace       used 12621K, committed 12800K, reserved 1064960K
  class space    used 899K, committed 1024K, reserved 1048576K
}

