# JRE version: Java(TM) SE Runtime Environment (16.0.2+7) (build 16.0.2+7-67)
# Java VM: Java HotSpot(TM) 64-Bit Server VM (16.0.2+7-67, mixed mode, sharing, tiered, compressed oops, compressed class ptrs, g1 gc, windows-amd64)
GC Precious Log:
 CPUs: 8 total, 8 available
 Memory: 16149M
 Large Page Support: Disabled
 NUMA Support: Disabled
 Compressed Oops: Enabled (Zero based)
 Heap Region Size: 2M
 Heap Min Capacity: 8M
 Heap Initial Capacity: 254M
 Heap Max Capacity: 4038M
 Pre-touch: Disabled
 Parallel Workers: 8
 Concurrent Workers: 2
 Concurrent Refinement Workers: 8
 Periodic GC: Disabled
Heap:
 garbage-first heap   total 520192K, used 218817K [0x0000000703a00000, 0x0000000800000000)
  region size 2048K, 22 young (45056K), 1 survivors (2048K)
 Metaspace       used 12688K, committed 12864K, reserved 1064960K
  class space    used 883K, committed 960K, reserved 1048576K
GC Heap History (16 events):
Event: 1.900 GC heap before
{Heap before GC invocations=0 (full 0):
 garbage-first heap   total 260096K, used 22528K [0x0000000703a00000, 0x0000000800000000)
  region size 2048K, 11 young (22528K), 0 survivors (0K)
 Metaspace       used 7208K, committed 7360K, reserved 1056768K
  class space    used 622K, committed 704K, reserved 1048576K
}
Event: 1.905 GC heap after
{Heap after GC invocations=1 (full 0):
 garbage-first heap   total 260096K, used 5965K [0x0000000703a00000, 0x0000000800000000)
  region size 2048K, 2 young (4096K), 2 survivors (4096K)
 Metaspace       used 7208K, committed 7360K, reserved 1056768K
  class space    used 622K, committed 704K, reserved 1048576K
}
Event: 3.085 GC heap before
{Heap before GC invocations=1 (full 0):
 garbage-first heap   total 260096K, used 34637K [0x0000000703a00000, 0x0000000800000000)
  region size 2048K, 16 young (32768K), 2 survivors (4096K)
 Metaspace       used 11900K, committed 12032K, reserved 1064960K
  class space    used 870K, committed 960K, reserved 1048576K
}
Event: 3.089 GC heap after
{Heap after GC invocations=2 (full 0):
 garbage-first heap   total 260096K, used 9006K [0x0000000703a00000, 0x0000000800000000)
  region size 2048K, 2 young (4096K), 2 survivors (4096K)
 Metaspace       used 11900K, committed 12032K, reserved 1064960K
  class space    used 870K, committed 960K, reserved 1048576K
}
Event: 3.160 GC heap before
{Heap before GC invocations=2 (full 0):
 garbage-first heap   total 260096K, used 123694K [0x0000000703a00000, 0x0000000800000000)
  region size 2048K, 9 young (18432K), 2 survivors (4096K)
 Metaspace       used 11909K, committed 12032K, reserved 1064960K
  class space    used 870K, committed 960K, reserved 1048576K
}
Event: 3.162 GC heap after
{Heap after GC invocations=3 (full 0):
 garbage-first heap   total 260096K, used 67301K [0x0000000703a00000, 0x0000000800000000)
  region size 2048K, 1 young (2048K), 1 survivors (2048K)
 Metaspace       used 11909K, committed 12032K, reserved 1064960K
  class space    used 870K, committed 960K, reserved 1048576K
}
Event: 3.173 GC heap before
{Heap before GC invocations=3 (full 0):
 garbage-first heap   total 260096K, used 116453K [0x0000000703a00000, 0x0000000800000000)
  region size 2048K, 1 young (2048K), 1 survivors (2048K)
 Metaspace       used 11909K, committed 12032K, reserved 1064960K
  class space    used 870K, committed 960K, reserved 1048576K
}
Event: 3.174 GC heap after
{Heap after GC invocations=4 (full 0):
 garbage-first heap   total 260096K, used 85721K [0x0000000703a00000, 0x0000000800000000)
  region size 2048K, 1 young (2048K), 1 survivors (2048K)
 Metaspace       used 11909K, committed 12032K, reserved 1064960K
  class space    used 870K, committed 960K, reserved 1048576K
}
Event: 3.234 GC heap before
{Heap before GC invocations=4 (full 0):
 garbage-first heap   total 260096K, used 126681K [0x0000000703a00000, 0x0000000800000000)
  region size 2048K, 7 young (14336K), 1 survivors (2048K)
 Metaspace       used 11927K, committed 12096K, reserved 1064960K
  class space    used 870K, committed 960K, reserved 1048576K
}
Event: 3.235 GC heap after
{Heap after GC invocations=5 (full 0):
 garbage-first heap   total 260096K, used 111049K [0x0000000703a00000, 0x0000000800000000)
  region size 2048K, 3 young (6144K), 3 survivors (6144K)
 Metaspace       used 11927K, committed 12096K, reserved 1064960K
  class space    used 870K, committed 960K, reserved 1048576K
}
Event: 3.238 GC heap before
{Heap before GC invocations=5 (full 0):
 garbage-first heap   total 260096K, used 119241K [0x0000000703a00000, 0x0000000800000000)
  region size 2048K, 4 young (8192K), 3 survivors (6144K)
 Metaspace       used 11929K, committed 12160K, reserved 1064960K
  class space    used 870K, committed 960K, reserved 1048576K
}
Event: 3.240 GC heap after
{Heap after GC invocations=6 (full 0):
 garbage-first heap   total 260096K, used 114490K [0x0000000703a00000, 0x0000000800000000)
  region size 2048K, 2 young (4096K), 2 survivors (4096K)
 Metaspace       used 11929K, committed 12160K, reserved 1064960K
  class space    used 870K, committed 960K, reserved 1048576K
}
Event: 3.243 GC heap before
{Heap before GC invocations=6 (full 0):
 garbage-first heap   total 260096K, used 122682K [0x0000000703a00000, 0x0000000800000000)
  region size 2048K, 3 young (6144K), 2 survivors (4096K)
 Metaspace       used 11930K, committed 12160K, reserved 1064960K
  class space    used 870K, committed 960K, reserved 1048576K
}
Event: 3.247 GC heap after
{Heap after GC invocations=7 (full 0):
 garbage-first heap   total 520192K, used 118507K [0x0000000703a00000, 0x0000000800000000)
  region size 2048K, 2 young (4096K), 2 survivors (4096K)
 Metaspace       used 11930K, committed 12160K, reserved 1064960K
  class space    used 870K, committed 960K, reserved 1048576K
}
Event: 3.326 GC heap before
{Heap before GC invocations=7 (full 0):
 garbage-first heap   total 520192K, used 239339K [0x0000000703a00000, 0x0000000800000000)
  region size 2048K, 3 young (6144K), 2 survivors (4096K)
 Metaspace       used 11932K, committed 12160K, reserved 1064960K
  class space    used 870K, committed 960K, reserved 1048576K
}
Event: 3.328 GC heap after
{Heap after GC invocations=8 (full 0):
 garbage-first heap   total 520192K, used 171713K [0x0000000703a00000, 0x0000000800000000)
  region size 2048K, 1 young (2048K), 1 survivors (2048K)
 Metaspace       used 11932K, committed 12160K, reserved 1064960K
  class space    used 870K, committed 960K, reserved 1048576K
}

