# JRE version: Java(TM) SE Runtime Environment (16.0.2+7) (build 16.0.2+7-67)
# Java VM: Java HotSpot(TM) 64-Bit Server VM (16.0.2+7-67, mixed mode, sharing, tiered, compressed oops, compressed class ptrs, g1 gc, windows-amd64)
GC Precious Log:
 CPUs: 8 total, 8 available
 Memory: 16149M
 Large Page Support: Disabled
 NUMA Support: Disabled
 Compressed Oops: Enabled (Zero based)
 Heap Region Size: 2M
 Heap Min Capacity: 8M
 Heap Initial Capacity: 254M
 Heap Max Capacity: 4038M
 Pre-touch: Disabled
 Parallel Workers: 8
 Concurrent Workers: 2
 Concurrent Refinement Workers: 8
 Periodic GC: Disabled
Heap:
 garbage-first heap   total 260096K, used 108578K [0x00000004d7c00000, 0x00000005d4200000)
  region size 2048K, 53 young (108544K), 2 survivors (4096K)
 Metaspace       used 12352K, committed 12480K, reserved 1064960K
  class space    used 881K, committed 960K, reserved 1048576K
GC Heap History (6 events):
Event: 0.912 GC heap before
{Heap before GC invocations=0 (full 0):
 garbage-first heap   total 260096K, used 22528K [0x00000004d7c00000, 0x00000005d4200000)
  region size 2048K, 11 young (22528K), 0 survivors (0K)
 Metaspace       used 11107K, committed 11264K, reserved 1064960K
  class space    used 803K, committed 832K, reserved 1048576K
}
Event: 0.921 GC heap after
{Heap after GC invocations=1 (full 0):
 garbage-first heap   total 260096K, used 3289K [0x00000004d7c00000, 0x00000005d4200000)
  region size 2048K, 2 young (4096K), 2 survivors (4096K)
 Metaspace       used 11107K, committed 11264K, reserved 1064960K
  class space    used 803K, committed 832K, reserved 1048576K
}
Event: 1.489 GC heap before
{Heap before GC invocations=1 (full 0):
 garbage-first heap   total 260096K, used 34009K [0x00000004d7c00000, 0x00000005d4200000)
  region size 2048K, 18 young (36864K), 2 survivors (4096K)
 Metaspace       used 12117K, committed 12288K, reserved 1064960K
  class space    used 877K, committed 960K, reserved 1048576K
}
Event: 1.491 GC heap after
{Heap after GC invocations=2 (full 0):
 garbage-first heap   total 260096K, used 6243K [0x00000004d7c00000, 0x00000005d4200000)
  region size 2048K, 2 young (4096K), 2 survivors (4096K)
 Metaspace       used 12117K, committed 12288K, reserved 1064960K
  class space    used 877K, committed 960K, reserved 1048576K
}
Event: 3.017 GC heap before
{Heap before GC invocations=2 (full 0):
 garbage-first heap   total 260096K, used 104547K [0x00000004d7c00000, 0x00000005d4200000)
  region size 2048K, 50 young (102400K), 2 survivors (4096K)
 Metaspace       used 12284K, committed 12416K, reserved 1064960K
  class space    used 877K, committed 960K, reserved 1048576K
}
Event: 3.018 GC heap after
{Heap after GC invocations=3 (full 0):
 garbage-first heap   total 260096K, used 6178K [0x00000004d7c00000, 0x00000005d4200000)
  region size 2048K, 2 young (4096K), 2 survivors (4096K)
 Metaspace       used 12284K, committed 12416K, reserved 1064960K
  class space    used 877K, committed 960K, reserved 1048576K
}

