# JRE version: Java(TM) SE Runtime Environment (16.0.2+7) (build 16.0.2+7-67)
# Java VM: Java HotSpot(TM) 64-Bit Server VM (16.0.2+7-67, mixed mode, sharing, tiered, compressed oops, compressed class ptrs, g1 gc, windows-amd64)
GC Precious Log:
 CPUs: 8 total, 8 available
 Memory: 16149M
 Large Page Support: Disabled
 NUMA Support: Disabled
 Compressed Oops: Enabled (Zero based)
 Heap Region Size: 2M
 Heap Min Capacity: 8M
 Heap Initial Capacity: 254M
 Heap Max Capacity: 4038M
 Pre-touch: Disabled
 Parallel Workers: 8
 Concurrent Workers: 2
 Concurrent Refinement Workers: 8
 Periodic GC: Disabled
Heap:
 garbage-first heap   total 260096K, used 125039K [0x0000000703a00000, 0x0000000800000000)
  region size 2048K, 60 young (122880K), 1 survivors (2048K)
 Metaspace       used 12521K, committed 12672K, reserved 1064960K
  class space    used 881K, committed 960K, reserved 1048576K
GC Heap History (20 events):
Event: 14.766 GC heap before
{Heap before GC invocations=7 (full 0):
 garbage-first heap   total 260096K, used 157706K [0x0000000703a00000, 0x0000000800000000)
  region size 2048K, 76 young (155648K), 2 survivors (4096K)
 Metaspace       used 12479K, committed 12608K, reserved 1064960K
  class space    used 877K, committed 960K, reserved 1048576K
}
Event: 14.767 GC heap after
{Heap after GC invocations=8 (full 0):
 garbage-first heap   total 260096K, used 6112K [0x0000000703a00000, 0x0000000800000000)
  region size 2048K, 2 young (4096K), 2 survivors (4096K)
 Metaspace       used 12479K, committed 12608K, reserved 1064960K
  class space    used 877K, committed 960K, reserved 1048576K
}
Event: 17.133 GC heap before
{Heap before GC invocations=8 (full 0):
 garbage-first heap   total 260096K, used 157664K [0x0000000703a00000, 0x0000000800000000)
  region size 2048K, 76 young (155648K), 2 survivors (4096K)
 Metaspace       used 12479K, committed 12608K, reserved 1064960K
  class space    used 877K, committed 960K, reserved 1048576K
}
Event: 17.134 GC heap after
{Heap after GC invocations=9 (full 0):
 garbage-first heap   total 260096K, used 6113K [0x0000000703a00000, 0x0000000800000000)
  region size 2048K, 2 young (4096K), 2 survivors (4096K)
 Metaspace       used 12479K, committed 12608K, reserved 1064960K
  class space    used 877K, committed 960K, reserved 1048576K
}
Event: 19.502 GC heap before
{Heap before GC invocations=9 (full 0):
 garbage-first heap   total 260096K, used 157665K [0x0000000703a00000, 0x0000000800000000)
  region size 2048K, 76 young (155648K), 2 survivors (4096K)
 Metaspace       used 12479K, committed 12608K, reserved 1064960K
  class space    used 877K, committed 960K, reserved 1048576K
}
Event: 19.503 GC heap after
{Heap after GC invocations=10 (full 0):
 garbage-first heap   total 260096K, used 6194K [0x0000000703a00000, 0x0000000800000000)
  region size 2048K, 2 young (4096K), 2 survivors (4096K)
 Metaspace       used 12479K, committed 12608K, reserved 1064960K
  class space    used 877K, committed 960K, reserved 1048576K
}
Event: 21.878 GC heap before
{Heap before GC invocations=10 (full 0):
 garbage-first heap   total 260096K, used 157746K [0x0000000703a00000, 0x0000000800000000)
  region size 2048K, 76 young (155648K), 2 survivors (4096K)
 Metaspace       used 12479K, committed 12608K, reserved 1064960K
  class space    used 877K, committed 960K, reserved 1048576K
}
Event: 21.880 GC heap after
{Heap after GC invocations=11 (full 0):
 garbage-first heap   total 260096K, used 6150K [0x0000000703a00000, 0x0000000800000000)
  region size 2048K, 2 young (4096K), 2 survivors (4096K)
 Metaspace       used 12479K, committed 12608K, reserved 1064960K
  class space    used 877K, committed 960K, reserved 1048576K
}
Event: 24.246 GC heap before
{Heap before GC invocations=11 (full 0):
 garbage-first heap   total 260096K, used 157702K [0x0000000703a00000, 0x0000000800000000)
  region size 2048K, 76 young (155648K), 2 survivors (4096K)
 Metaspace       used 12479K, committed 12608K, reserved 1064960K
  class space    used 877K, committed 960K, reserved 1048576K
}
Event: 24.247 GC heap after
{Heap after GC invocations=12 (full 0):
 garbage-first heap   total 260096K, used 6189K [0x0000000703a00000, 0x0000000800000000)
  region size 2048K, 2 young (4096K), 2 survivors (4096K)
 Metaspace       used 12479K, committed 12608K, reserved 1064960K
  class space    used 877K, committed 960K, reserved 1048576K
}
Event: 26.614 GC heap before
{Heap before GC invocations=12 (full 0):
 garbage-first heap   total 260096K, used 157741K [0x0000000703a00000, 0x0000000800000000)
  region size 2048K, 76 young (155648K), 2 survivors (4096K)
 Metaspace       used 12479K, committed 12608K, reserved 1064960K
  class space    used 877K, committed 960K, reserved 1048576K
}
Event: 26.615 GC heap after
{Heap after GC invocations=13 (full 0):
 garbage-first heap   total 260096K, used 6157K [0x0000000703a00000, 0x0000000800000000)
  region size 2048K, 2 young (4096K), 2 survivors (4096K)
 Metaspace       used 12479K, committed 12608K, reserved 1064960K
  class space    used 877K, committed 960K, reserved 1048576K
}
Event: 28.982 GC heap before
{Heap before GC invocations=13 (full 0):
 garbage-first heap   total 260096K, used 157709K [0x0000000703a00000, 0x0000000800000000)
  region size 2048K, 76 young (155648K), 2 survivors (4096K)
 Metaspace       used 12479K, committed 12608K, reserved 1064960K
  class space    used 877K, committed 960K, reserved 1048576K
}
Event: 28.984 GC heap after
{Heap after GC invocations=14 (full 0):
 garbage-first heap   total 260096K, used 6111K [0x0000000703a00000, 0x0000000800000000)
  region size 2048K, 2 young (4096K), 2 survivors (4096K)
 Metaspace       used 12479K, committed 12608K, reserved 1064960K
  class space    used 877K, committed 960K, reserved 1048576K
}
Event: 31.350 GC heap before
{Heap before GC invocations=14 (full 0):
 garbage-first heap   total 260096K, used 157663K [0x0000000703a00000, 0x0000000800000000)
  region size 2048K, 76 young (155648K), 2 survivors (4096K)
 Metaspace       used 12479K, committed 12608K, reserved 1064960K
  class space    used 877K, committed 960K, reserved 1048576K
}
Event: 31.351 GC heap after
{Heap after GC invocations=15 (full 0):
 garbage-first heap   total 260096K, used 6245K [0x0000000703a00000, 0x0000000800000000)
  region size 2048K, 2 young (4096K), 2 survivors (4096K)
 Metaspace       used 12479K, committed 12608K, reserved 1064960K
  class space    used 877K, committed 960K, reserved 1048576K
}
Event: 33.725 GC heap before
{Heap before GC invocations=15 (full 0):
 garbage-first heap   total 260096K, used 157797K [0x0000000703a00000, 0x0000000800000000)
  region size 2048K, 76 young (155648K), 2 survivors (4096K)
 Metaspace       used 12479K, committed 12608K, reserved 1064960K
  class space    used 877K, committed 960K, reserved 1048576K
}
Event: 33.727 GC heap after
{Heap after GC invocations=16 (full 0):
 garbage-first heap   total 260096K, used 6153K [0x0000000703a00000, 0x0000000800000000)
  region size 2048K, 2 young (4096K), 2 survivors (4096K)
 Metaspace       used 12479K, committed 12608K, reserved 1064960K
  class space    used 877K, committed 960K, reserved 1048576K
}
Event: 36.094 GC heap before
{Heap before GC invocations=16 (full 0):
 garbage-first heap   total 260096K, used 157705K [0x0000000703a00000, 0x0000000800000000)
  region size 2048K, 76 young (155648K), 2 survivors (4096K)
 Metaspace       used 12479K, committed 12608K, reserved 1064960K
  class space    used 877K, committed 960K, reserved 1048576K
}
Event: 36.096 GC heap after
{Heap after GC invocations=17 (full 0):
 garbage-first heap   total 260096K, used 6255K [0x0000000703a00000, 0x0000000800000000)
  region size 2048K, 1 young (2048K), 1 survivors (2048K)
 Metaspace       used 12479K, committed 12608K, reserved 1064960K
  class space    used 877K, committed 960K, reserved 1048576K
}

