# JRE version: Java(TM) SE Runtime Environment (16.0.2+7) (build 16.0.2+7-67)
# Java VM: Java HotSpot(TM) 64-Bit Server VM (16.0.2+7-67, mixed mode, sharing, tiered, compressed oops, compressed class ptrs, g1 gc, windows-amd64)
GC Precious Log:
 CPUs: 8 total, 8 available
 Memory: 16149M
 Large Page Support: Disabled
 NUMA Support: Disabled
 Compressed Oops: Enabled (Zero based)
 Heap Region Size: 2M
 Heap Min Capacity: 8M
 Heap Initial Capacity: 254M
 Heap Max Capacity: 4038M
 Pre-touch: Disabled
 Parallel Workers: 8
 Concurrent Workers: 2
 Concurrent Refinement Workers: 8
 Periodic GC: Disabled
Heap:
 garbage-first heap   total 260096K, used 39492K [0x0000000703a00000, 0x0000000800000000)
  region size 2048K, 18 young (36864K), 1 survivors (2048K)
 Metaspace       used 12532K, committed 12672K, reserved 1064960K
  class space    used 880K, committed 960K, reserved 1048576K
GC Heap History (20 events):
Event: 143.487 GC heap before
{Heap before GC invocations=51 (full 0):
 garbage-first heap   total 260096K, used 160304K [0x0000000703a00000, 0x0000000800000000)
  region size 2048K, 76 young (155648K), 1 survivors (2048K)
 Metaspace       used 12483K, committed 12608K, reserved 1064960K
  class space    used 876K, committed 960K, reserved 1048576K
}
Event: 143.487 GC heap after
{Heap after GC invocations=52 (full 0):
 garbage-first heap   total 260096K, used 6704K [0x0000000703a00000, 0x0000000800000000)
  region size 2048K, 1 young (2048K), 1 survivors (2048K)
 Metaspace       used 12483K, committed 12608K, reserved 1064960K
  class space    used 876K, committed 960K, reserved 1048576K
}
Event: 146.405 GC heap before
{Heap before GC invocations=52 (full 0):
 garbage-first heap   total 260096K, used 160304K [0x0000000703a00000, 0x0000000800000000)
  region size 2048K, 76 young (155648K), 1 survivors (2048K)
 Metaspace       used 12483K, committed 12608K, reserved 1064960K
  class space    used 876K, committed 960K, reserved 1048576K
}
Event: 146.405 GC heap after
{Heap after GC invocations=53 (full 0):
 garbage-first heap   total 260096K, used 6702K [0x0000000703a00000, 0x0000000800000000)
  region size 2048K, 1 young (2048K), 1 survivors (2048K)
 Metaspace       used 12483K, committed 12608K, reserved 1064960K
  class space    used 876K, committed 960K, reserved 1048576K
}
Event: 149.090 GC heap before
{Heap before GC invocations=53 (full 0):
 garbage-first heap   total 260096K, used 160302K [0x0000000703a00000, 0x0000000800000000)
  region size 2048K, 76 young (155648K), 1 survivors (2048K)
 Metaspace       used 12483K, committed 12608K, reserved 1064960K
  class space    used 876K, committed 960K, reserved 1048576K
}
Event: 149.091 GC heap after
{Heap after GC invocations=54 (full 0):
 garbage-first heap   total 260096K, used 6707K [0x0000000703a00000, 0x0000000800000000)
  region size 2048K, 1 young (2048K), 1 survivors (2048K)
 Metaspace       used 12483K, committed 12608K, reserved 1064960K
  class space    used 876K, committed 960K, reserved 1048576K
}
Event: 152.009 GC heap before
{Heap before GC invocations=54 (full 0):
 garbage-first heap   total 260096K, used 160307K [0x0000000703a00000, 0x0000000800000000)
  region size 2048K, 76 young (155648K), 1 survivors (2048K)
 Metaspace       used 12483K, committed 12608K, reserved 1064960K
  class space    used 876K, committed 960K, reserved 1048576K
}
Event: 152.009 GC heap after
{Heap after GC invocations=55 (full 0):
 garbage-first heap   total 260096K, used 6715K [0x0000000703a00000, 0x0000000800000000)
  region size 2048K, 1 young (2048K), 1 survivors (2048K)
 Metaspace       used 12483K, committed 12608K, reserved 1064960K
  class space    used 876K, committed 960K, reserved 1048576K
}
Event: 155.144 GC heap before
{Heap before GC invocations=55 (full 0):
 garbage-first heap   total 260096K, used 160315K [0x0000000703a00000, 0x0000000800000000)
  region size 2048K, 76 young (155648K), 1 survivors (2048K)
 Metaspace       used 12483K, committed 12608K, reserved 1064960K
  class space    used 876K, committed 960K, reserved 1048576K
}
Event: 155.145 GC heap after
{Heap after GC invocations=56 (full 0):
 garbage-first heap   total 260096K, used 6724K [0x0000000703a00000, 0x0000000800000000)
  region size 2048K, 1 young (2048K), 1 survivors (2048K)
 Metaspace       used 12483K, committed 12608K, reserved 1064960K
  class space    used 876K, committed 960K, reserved 1048576K
}
Event: 158.111 GC heap before
{Heap before GC invocations=56 (full 0):
 garbage-first heap   total 260096K, used 160324K [0x0000000703a00000, 0x0000000800000000)
  region size 2048K, 76 young (155648K), 1 survivors (2048K)
 Metaspace       used 12483K, committed 12608K, reserved 1064960K
  class space    used 876K, committed 960K, reserved 1048576K
}
Event: 158.112 GC heap after
{Heap after GC invocations=57 (full 0):
 garbage-first heap   total 260096K, used 6726K [0x0000000703a00000, 0x0000000800000000)
  region size 2048K, 1 young (2048K), 1 survivors (2048K)
 Metaspace       used 12483K, committed 12608K, reserved 1064960K
  class space    used 876K, committed 960K, reserved 1048576K
}
Event: 160.727 GC heap before
{Heap before GC invocations=57 (full 0):
 garbage-first heap   total 260096K, used 160326K [0x0000000703a00000, 0x0000000800000000)
  region size 2048K, 76 young (155648K), 1 survivors (2048K)
 Metaspace       used 12483K, committed 12608K, reserved 1064960K
  class space    used 876K, committed 960K, reserved 1048576K
}
Event: 160.728 GC heap after
{Heap after GC invocations=58 (full 0):
 garbage-first heap   total 260096K, used 6722K [0x0000000703a00000, 0x0000000800000000)
  region size 2048K, 1 young (2048K), 1 survivors (2048K)
 Metaspace       used 12483K, committed 12608K, reserved 1064960K
  class space    used 876K, committed 960K, reserved 1048576K
}
Event: 163.969 GC heap before
{Heap before GC invocations=58 (full 0):
 garbage-first heap   total 260096K, used 160322K [0x0000000703a00000, 0x0000000800000000)
  region size 2048K, 76 young (155648K), 1 survivors (2048K)
 Metaspace       used 12483K, committed 12608K, reserved 1064960K
  class space    used 876K, committed 960K, reserved 1048576K
}
Event: 163.970 GC heap after
{Heap after GC invocations=59 (full 0):
 garbage-first heap   total 260096K, used 6722K [0x0000000703a00000, 0x0000000800000000)
  region size 2048K, 1 young (2048K), 1 survivors (2048K)
 Metaspace       used 12483K, committed 12608K, reserved 1064960K
  class space    used 876K, committed 960K, reserved 1048576K
}
Event: 167.287 GC heap before
{Heap before GC invocations=59 (full 0):
 garbage-first heap   total 260096K, used 160322K [0x0000000703a00000, 0x0000000800000000)
  region size 2048K, 76 young (155648K), 1 survivors (2048K)
 Metaspace       used 12483K, committed 12608K, reserved 1064960K
  class space    used 876K, committed 960K, reserved 1048576K
}
Event: 167.288 GC heap after
{Heap after GC invocations=60 (full 0):
 garbage-first heap   total 260096K, used 6724K [0x0000000703a00000, 0x0000000800000000)
  region size 2048K, 1 young (2048K), 1 survivors (2048K)
 Metaspace       used 12483K, committed 12608K, reserved 1064960K
  class space    used 876K, committed 960K, reserved 1048576K
}
Event: 169.962 GC heap before
{Heap before GC invocations=60 (full 0):
 garbage-first heap   total 260096K, used 160324K [0x0000000703a00000, 0x0000000800000000)
  region size 2048K, 76 young (155648K), 1 survivors (2048K)
 Metaspace       used 12483K, committed 12608K, reserved 1064960K
  class space    used 876K, committed 960K, reserved 1048576K
}
Event: 169.962 GC heap after
{Heap after GC invocations=61 (full 0):
 garbage-first heap   total 260096K, used 6724K [0x0000000703a00000, 0x0000000800000000)
  region size 2048K, 1 young (2048K), 1 survivors (2048K)
 Metaspace       used 12483K, committed 12608K, reserved 1064960K
  class space    used 876K, committed 960K, reserved 1048576K
}

