# JRE version: Java(TM) SE Runtime Environment (16.0.2+7) (build 16.0.2+7-67)
# Java VM: Java HotSpot(TM) 64-Bit Server VM (16.0.2+7-67, mixed mode, sharing, tiered, compressed oops, compressed class ptrs, g1 gc, windows-amd64)
GC Precious Log:
 CPUs: 8 total, 8 available
 Memory: 16149M
 Large Page Support: Disabled
 NUMA Support: Disabled
 Compressed Oops: Enabled (Zero based)
 Heap Region Size: 2M
 Heap Min Capacity: 8M
 Heap Initial Capacity: 254M
 Heap Max Capacity: 4038M
 Pre-touch: Disabled
 Parallel Workers: 8
 Concurrent Workers: 2
 Concurrent Refinement Workers: 8
 Periodic GC: Disabled
Heap:
 garbage-first heap   total 260096K, used 121939K [0x0000000703a00000, 0x0000000800000000)
  region size 2048K, 58 young (118784K), 2 survivors (4096K)
 Metaspace       used 12451K, committed 12672K, reserved 1064960K
  class space    used 881K, committed 960K, reserved 1048576K
GC Heap History (18 events):
Event: 0.672 GC heap before
{Heap before GC invocations=0 (full 0):
 garbage-first heap   total 260096K, used 22528K [0x0000000703a00000, 0x0000000800000000)
  region size 2048K, 11 young (22528K), 0 survivors (0K)
 Metaspace       used 10511K, committed 10688K, reserved 1064960K
  class space    used 746K, committed 832K, reserved 1048576K
}
Event: 0.675 GC heap after
{Heap after GC invocations=1 (full 0):
 garbage-first heap   total 260096K, used 6062K [0x0000000703a00000, 0x0000000800000000)
  region size 2048K, 2 young (4096K), 2 survivors (4096K)
 Metaspace       used 10511K, committed 10688K, reserved 1064960K
  class space    used 746K, committed 832K, reserved 1048576K
}
Event: 1.374 GC heap before
{Heap before GC invocations=1 (full 0):
 garbage-first heap   total 260096K, used 32686K [0x0000000703a00000, 0x0000000800000000)
  region size 2048K, 16 young (32768K), 2 survivors (4096K)
 Metaspace       used 12103K, committed 12288K, reserved 1064960K
  class space    used 875K, committed 960K, reserved 1048576K
}
Event: 1.377 GC heap after
{Heap after GC invocations=2 (full 0):
 garbage-first heap   total 260096K, used 9791K [0x0000000703a00000, 0x0000000800000000)
  region size 2048K, 2 young (4096K), 2 survivors (4096K)
 Metaspace       used 12103K, committed 12288K, reserved 1064960K
  class space    used 875K, committed 960K, reserved 1048576K
}
Event: 2.944 GC heap before
{Heap before GC invocations=2 (full 0):
 garbage-first heap   total 260096K, used 161343K [0x0000000703a00000, 0x0000000800000000)
  region size 2048K, 76 young (155648K), 2 survivors (4096K)
 Metaspace       used 12270K, committed 12416K, reserved 1064960K
  class space    used 877K, committed 960K, reserved 1048576K
}
Event: 2.945 GC heap after
{Heap after GC invocations=3 (full 0):
 garbage-first heap   total 260096K, used 9229K [0x0000000703a00000, 0x0000000800000000)
  region size 2048K, 2 young (4096K), 2 survivors (4096K)
 Metaspace       used 12270K, committed 12416K, reserved 1064960K
  class space    used 877K, committed 960K, reserved 1048576K
}
Event: 4.572 GC heap before
{Heap before GC invocations=3 (full 0):
 garbage-first heap   total 260096K, used 160781K [0x0000000703a00000, 0x0000000800000000)
  region size 2048K, 76 young (155648K), 2 survivors (4096K)
 Metaspace       used 12288K, committed 12480K, reserved 1064960K
  class space    used 877K, committed 960K, reserved 1048576K
}
Event: 4.573 GC heap after
{Heap after GC invocations=4 (full 0):
 garbage-first heap   total 260096K, used 9226K [0x0000000703a00000, 0x0000000800000000)
  region size 2048K, 2 young (4096K), 2 survivors (4096K)
 Metaspace       used 12288K, committed 12480K, reserved 1064960K
  class space    used 877K, committed 960K, reserved 1048576K
}
Event: 6.207 GC heap before
{Heap before GC invocations=4 (full 0):
 garbage-first heap   total 260096K, used 160778K [0x0000000703a00000, 0x0000000800000000)
  region size 2048K, 76 young (155648K), 2 survivors (4096K)
 Metaspace       used 12302K, committed 12480K, reserved 1064960K
  class space    used 877K, committed 960K, reserved 1048576K
}
Event: 6.208 GC heap after
{Heap after GC invocations=5 (full 0):
 garbage-first heap   total 260096K, used 9298K [0x0000000703a00000, 0x0000000800000000)
  region size 2048K, 2 young (4096K), 2 survivors (4096K)
 Metaspace       used 12302K, committed 12480K, reserved 1064960K
  class space    used 877K, committed 960K, reserved 1048576K
}
Event: 7.848 GC heap before
{Heap before GC invocations=5 (full 0):
 garbage-first heap   total 260096K, used 160850K [0x0000000703a00000, 0x0000000800000000)
  region size 2048K, 76 young (155648K), 2 survivors (4096K)
 Metaspace       used 12325K, committed 12480K, reserved 1064960K
  class space    used 877K, committed 960K, reserved 1048576K
}
Event: 7.849 GC heap after
{Heap after GC invocations=6 (full 0):
 garbage-first heap   total 260096K, used 9297K [0x0000000703a00000, 0x0000000800000000)
  region size 2048K, 2 young (4096K), 2 survivors (4096K)
 Metaspace       used 12325K, committed 12480K, reserved 1064960K
  class space    used 877K, committed 960K, reserved 1048576K
}
Event: 9.422 GC heap before
{Heap before GC invocations=6 (full 0):
 garbage-first heap   total 260096K, used 160849K [0x0000000703a00000, 0x0000000800000000)
  region size 2048K, 76 young (155648K), 2 survivors (4096K)
 Metaspace       used 12328K, committed 12480K, reserved 1064960K
  class space    used 877K, committed 960K, reserved 1048576K
}
Event: 9.423 GC heap after
{Heap after GC invocations=7 (full 0):
 garbage-first heap   total 260096K, used 9240K [0x0000000703a00000, 0x0000000800000000)
  region size 2048K, 2 young (4096K), 2 survivors (4096K)
 Metaspace       used 12328K, committed 12480K, reserved 1064960K
  class space    used 877K, committed 960K, reserved 1048576K
}
Event: 10.981 GC heap before
{Heap before GC invocations=7 (full 0):
 garbage-first heap   total 260096K, used 160792K [0x0000000703a00000, 0x0000000800000000)
  region size 2048K, 76 young (155648K), 2 survivors (4096K)
 Metaspace       used 12335K, committed 12480K, reserved 1064960K
  class space    used 877K, committed 960K, reserved 1048576K
}
Event: 10.982 GC heap after
{Heap after GC invocations=8 (full 0):
 garbage-first heap   total 260096K, used 9186K [0x0000000703a00000, 0x0000000800000000)
  region size 2048K, 2 young (4096K), 2 survivors (4096K)
 Metaspace       used 12335K, committed 12480K, reserved 1064960K
  class space    used 877K, committed 960K, reserved 1048576K
}
Event: 12.536 GC heap before
{Heap before GC invocations=8 (full 0):
 garbage-first heap   total 260096K, used 160738K [0x0000000703a00000, 0x0000000800000000)
  region size 2048K, 76 young (155648K), 2 survivors (4096K)
 Metaspace       used 12341K, committed 12480K, reserved 1064960K
  class space    used 877K, committed 960K, reserved 1048576K
}
Event: 12.537 GC heap after
{Heap after GC invocations=9 (full 0):
 garbage-first heap   total 260096K, used 9299K [0x0000000703a00000, 0x0000000800000000)
  region size 2048K, 2 young (4096K), 2 survivors (4096K)
 Metaspace       used 12341K, committed 12480K, reserved 1064960K
  class space    used 877K, committed 960K, reserved 1048576K
}

