# JRE version: Java(TM) SE Runtime Environment (16.0.2+7) (build 16.0.2+7-67)
# Java VM: Java HotSpot(TM) 64-Bit Server VM (16.0.2+7-67, mixed mode, sharing, tiered, compressed oops, compressed class ptrs, g1 gc, windows-amd64)
GC Precious Log:
 CPUs: 8 total, 8 available
 Memory: 16149M
 Large Page Support: Disabled
 NUMA Support: Disabled
 Compressed Oops: Enabled (Zero based)
 Heap Region Size: 2M
 Heap Min Capacity: 8M
 Heap Initial Capacity: 254M
 Heap Max Capacity: 4038M
 Pre-touch: Disabled
 Parallel Workers: 8
 Concurrent Workers: 2
 Concurrent Refinement Workers: 8
 Periodic GC: Disabled
Heap:
 garbage-first heap   total 1148928K, used 436250K [0x0000000703a00000, 0x0000000800000000)
  region size 2048K, 13 young (26624K), 1 survivors (2048K)
 Metaspace       used 12281K, committed 12416K, reserved 1064960K
  class space    used 880K, committed 960K, reserved 1048576K
GC Heap History (20 events):
Event: 1.629 GC heap before
{Heap before GC invocations=1 (full 0):
 garbage-first heap   total 260096K, used 32947K [0x0000000703a00000, 0x0000000800000000)
  region size 2048K, 11 young (22528K), 2 survivors (4096K)
 Metaspace       used 11273K, committed 11456K, reserved 1064960K
  class space    used 815K, committed 896K, reserved 1048576K
}
Event: 1.641 GC heap after
{Heap after GC invocations=2 (full 0):
 garbage-first heap   total 260096K, used 14209K [0x0000000703a00000, 0x0000000800000000)
  region size 2048K, 1 young (2048K), 1 survivors (2048K)
 Metaspace       used 11273K, committed 11456K, reserved 1064960K
  class space    used 815K, committed 896K, reserved 1048576K
}
Event: 1.894 GC heap before
{Heap before GC invocations=2 (full 0):
 garbage-first heap   total 260096K, used 145281K [0x0000000703a00000, 0x0000000800000000)
  region size 2048K, 16 young (32768K), 1 survivors (2048K)
 Metaspace       used 11862K, committed 12032K, reserved 1064960K
  class space    used 869K, committed 960K, reserved 1048576K
}
Event: 1.896 GC heap after
{Heap after GC invocations=3 (full 0):
 garbage-first heap   total 260096K, used 73862K [0x0000000703a00000, 0x0000000800000000)
  region size 2048K, 1 young (2048K), 1 survivors (2048K)
 Metaspace       used 11862K, committed 12032K, reserved 1064960K
  class space    used 869K, committed 960K, reserved 1048576K
}
Event: 1.902 GC heap before
{Heap before GC invocations=3 (full 0):
 garbage-first heap   total 260096K, used 116870K [0x0000000703a00000, 0x0000000800000000)
  region size 2048K, 1 young (2048K), 1 survivors (2048K)
 Metaspace       used 11863K, committed 12032K, reserved 1064960K
  class space    used 869K, committed 960K, reserved 1048576K
}
Event: 1.903 GC heap after
{Heap after GC invocations=4 (full 0):
 garbage-first heap   total 260096K, used 90117K [0x0000000703a00000, 0x0000000800000000)
  region size 2048K, 1 young (2048K), 1 survivors (2048K)
 Metaspace       used 11863K, committed 12032K, reserved 1064960K
  class space    used 869K, committed 960K, reserved 1048576K
}
Event: 1.919 GC heap before
{Heap before GC invocations=4 (full 0):
 garbage-first heap   total 260096K, used 108549K [0x0000000703a00000, 0x0000000800000000)
  region size 2048K, 2 young (4096K), 1 survivors (2048K)
 Metaspace       used 11863K, committed 12032K, reserved 1064960K
  class space    used 869K, committed 960K, reserved 1048576K
}
Event: 1.920 GC heap after
{Heap after GC invocations=5 (full 0):
 garbage-first heap   total 260096K, used 96273K [0x0000000703a00000, 0x0000000800000000)
  region size 2048K, 1 young (2048K), 1 survivors (2048K)
 Metaspace       used 11863K, committed 12032K, reserved 1064960K
  class space    used 869K, committed 960K, reserved 1048576K
}
Event: 1.929 GC heap before
{Heap before GC invocations=5 (full 0):
 garbage-first heap   total 260096K, used 122897K [0x0000000703a00000, 0x0000000800000000)
  region size 2048K, 1 young (2048K), 1 survivors (2048K)
 Metaspace       used 11863K, committed 12032K, reserved 1064960K
  class space    used 869K, committed 960K, reserved 1048576K
}
Event: 1.930 GC heap after
{Heap after GC invocations=6 (full 0):
 garbage-first heap   total 260096K, used 108592K [0x0000000703a00000, 0x0000000800000000)
  region size 2048K, 1 young (2048K), 1 survivors (2048K)
 Metaspace       used 11863K, committed 12032K, reserved 1064960K
  class space    used 869K, committed 960K, reserved 1048576K
}
Event: 1.932 GC heap before
{Heap before GC invocations=6 (full 0):
 garbage-first heap   total 260096K, used 118832K [0x0000000703a00000, 0x0000000800000000)
  region size 2048K, 1 young (2048K), 1 survivors (2048K)
 Metaspace       used 11863K, committed 12032K, reserved 1064960K
  class space    used 869K, committed 960K, reserved 1048576K
}
Event: 1.934 GC heap after
{Heap after GC invocations=7 (full 0):
 garbage-first heap   total 520192K, used 112715K [0x0000000703a00000, 0x0000000800000000)
  region size 2048K, 1 young (2048K), 1 survivors (2048K)
 Metaspace       used 11863K, committed 12032K, reserved 1064960K
  class space    used 869K, committed 960K, reserved 1048576K
}
Event: 1.992 GC heap before
{Heap before GC invocations=7 (full 0):
 garbage-first heap   total 520192K, used 237643K [0x0000000703a00000, 0x0000000800000000)
  region size 2048K, 3 young (6144K), 1 survivors (2048K)
 Metaspace       used 11876K, committed 12032K, reserved 1064960K
  class space    used 869K, committed 960K, reserved 1048576K
}
Event: 1.994 GC heap after
{Heap after GC invocations=8 (full 0):
 garbage-first heap   total 520192K, used 175856K [0x0000000703a00000, 0x0000000800000000)
  region size 2048K, 2 young (4096K), 2 survivors (4096K)
 Metaspace       used 11876K, committed 12032K, reserved 1064960K
  class space    used 869K, committed 960K, reserved 1048576K
}
Event: 2.027 GC heap before
{Heap before GC invocations=8 (full 0):
 garbage-first heap   total 520192K, used 241392K [0x0000000703a00000, 0x0000000800000000)
  region size 2048K, 8 young (16384K), 2 survivors (4096K)
 Metaspace       used 11884K, committed 12096K, reserved 1064960K
  class space    used 869K, committed 960K, reserved 1048576K
}
Event: 2.029 GC heap after
{Heap after GC invocations=9 (full 0):
 garbage-first heap   total 520192K, used 208935K [0x0000000703a00000, 0x0000000800000000)
  region size 2048K, 1 young (2048K), 1 survivors (2048K)
 Metaspace       used 11884K, committed 12096K, reserved 1064960K
  class space    used 869K, committed 960K, reserved 1048576K
}
Event: 2.036 GC heap before
{Heap before GC invocations=9 (full 0):
 garbage-first heap   total 520192K, used 231463K [0x0000000703a00000, 0x0000000800000000)
  region size 2048K, 2 young (4096K), 1 survivors (2048K)
 Metaspace       used 11885K, committed 12096K, reserved 1064960K
  class space    used 869K, committed 960K, reserved 1048576K
}
Event: 2.038 GC heap after
{Heap after GC invocations=10 (full 0):
 garbage-first heap   total 520192K, used 219128K [0x0000000703a00000, 0x0000000800000000)
  region size 2048K, 1 young (2048K), 1 survivors (2048K)
 Metaspace       used 11885K, committed 12096K, reserved 1064960K
  class space    used 869K, committed 960K, reserved 1048576K
}
Event: 2.044 GC heap before
{Heap before GC invocations=10 (full 0):
 garbage-first heap   total 520192K, used 237560K [0x0000000703a00000, 0x0000000800000000)
  region size 2048K, 2 young (4096K), 1 survivors (2048K)
 Metaspace       used 11885K, committed 12096K, reserved 1064960K
  class space    used 869K, committed 960K, reserved 1048576K
}
Event: 2.046 GC heap after
{Heap after GC invocations=11 (full 0):
 garbage-first heap   total 1148928K, used 227354K [0x0000000703a00000, 0x0000000800000000)
  region size 2048K, 1 young (2048K), 1 survivors (2048K)
 Metaspace       used 11885K, committed 12096K, reserved 1064960K
  class space    used 869K, committed 960K, reserved 1048576K
}

