# JRE version: Java(TM) SE Runtime Environment (16.0.2+7) (build 16.0.2+7-67)
# Java VM: Java HotSpot(TM) 64-Bit Server VM (16.0.2+7-67, mixed mode, sharing, tiered, compressed oops, compressed class ptrs, g1 gc, windows-amd64)
GC Precious Log:
 CPUs: 8 total, 8 available
 Memory: 16149M
 Large Page Support: Disabled
 NUMA Support: Disabled
 Compressed Oops: Enabled (Zero based)
 Heap Region Size: 2M
 Heap Min Capacity: 8M
 Heap Initial Capacity: 254M
 Heap Max Capacity: 4038M
 Pre-touch: Disabled
 Parallel Workers: 8
 Concurrent Workers: 2
 Concurrent Refinement Workers: 8
 Periodic GC: Disabled
Heap:
 garbage-first heap   total 260096K, used 81565K [0x0000000703a00000, 0x0000000800000000)
  region size 2048K, 38 young (77824K), 4 survivors (8192K)
 Metaspace       used 12634K, committed 12864K, reserved 1064960K
  class space    used 903K, committed 1024K, reserved 1048576K
GC Heap History (20 events):
Event: 4.718 GC heap before
{Heap before GC invocations=3 (full 0):
 garbage-first heap   total 260096K, used 158528K [0x0000000703a00000, 0x0000000800000000)
  region size 2048K, 76 young (155648K), 5 survivors (10240K)
 Metaspace       used 12436K, committed 12672K, reserved 1064960K
  class space    used 899K, committed 1024K, reserved 1048576K
}
Event: 4.722 GC heap after
{Heap after GC invocations=4 (full 0):
 garbage-first heap   total 260096K, used 13291K [0x0000000703a00000, 0x0000000800000000)
  region size 2048K, 5 young (10240K), 5 survivors (10240K)
 Metaspace       used 12436K, committed 12672K, reserved 1064960K
  class space    used 899K, committed 1024K, reserved 1048576K
}
Event: 6.384 GC heap before
{Heap before GC invocations=4 (full 0):
 garbage-first heap   total 260096K, used 158699K [0x0000000703a00000, 0x0000000800000000)
  region size 2048K, 76 young (155648K), 5 survivors (10240K)
 Metaspace       used 12487K, committed 12672K, reserved 1064960K
  class space    used 899K, committed 1024K, reserved 1048576K
}
Event: 6.389 GC heap after
{Heap after GC invocations=5 (full 0):
 garbage-first heap   total 260096K, used 14015K [0x0000000703a00000, 0x0000000800000000)
  region size 2048K, 5 young (10240K), 5 survivors (10240K)
 Metaspace       used 12487K, committed 12672K, reserved 1064960K
  class space    used 899K, committed 1024K, reserved 1048576K
}
Event: 8.045 GC heap before
{Heap before GC invocations=5 (full 0):
 garbage-first heap   total 260096K, used 159423K [0x0000000703a00000, 0x0000000800000000)
  region size 2048K, 76 young (155648K), 5 survivors (10240K)
 Metaspace       used 12509K, committed 12672K, reserved 1064960K
  class space    used 899K, committed 1024K, reserved 1048576K
}
Event: 8.049 GC heap after
{Heap after GC invocations=6 (full 0):
 garbage-first heap   total 260096K, used 13411K [0x0000000703a00000, 0x0000000800000000)
  region size 2048K, 5 young (10240K), 5 survivors (10240K)
 Metaspace       used 12509K, committed 12672K, reserved 1064960K
  class space    used 899K, committed 1024K, reserved 1048576K
}
Event: 9.701 GC heap before
{Heap before GC invocations=6 (full 0):
 garbage-first heap   total 260096K, used 158819K [0x0000000703a00000, 0x0000000800000000)
  region size 2048K, 76 young (155648K), 5 survivors (10240K)
 Metaspace       used 12518K, committed 12736K, reserved 1064960K
  class space    used 900K, committed 1024K, reserved 1048576K
}
Event: 9.706 GC heap after
{Heap after GC invocations=7 (full 0):
 garbage-first heap   total 260096K, used 15176K [0x0000000703a00000, 0x0000000800000000)
  region size 2048K, 6 young (12288K), 6 survivors (12288K)
 Metaspace       used 12518K, committed 12736K, reserved 1064960K
  class space    used 900K, committed 1024K, reserved 1048576K
}
Event: 11.353 GC heap before
{Heap before GC invocations=7 (full 0):
 garbage-first heap   total 260096K, used 158536K [0x0000000703a00000, 0x0000000800000000)
  region size 2048K, 76 young (155648K), 6 survivors (12288K)
 Metaspace       used 12542K, committed 12736K, reserved 1064960K
  class space    used 900K, committed 1024K, reserved 1048576K
}
Event: 11.358 GC heap after
{Heap after GC invocations=8 (full 0):
 garbage-first heap   total 260096K, used 14498K [0x0000000703a00000, 0x0000000800000000)
  region size 2048K, 5 young (10240K), 5 survivors (10240K)
 Metaspace       used 12542K, committed 12736K, reserved 1064960K
  class space    used 900K, committed 1024K, reserved 1048576K
}
Event: 13.021 GC heap before
{Heap before GC invocations=8 (full 0):
 garbage-first heap   total 260096K, used 159906K [0x0000000703a00000, 0x0000000800000000)
  region size 2048K, 76 young (155648K), 5 survivors (10240K)
 Metaspace       used 12544K, committed 12736K, reserved 1064960K
  class space    used 900K, committed 1024K, reserved 1048576K
}
Event: 13.024 GC heap after
{Heap after GC invocations=9 (full 0):
 garbage-first heap   total 260096K, used 13355K [0x0000000703a00000, 0x0000000800000000)
  region size 2048K, 4 young (8192K), 4 survivors (8192K)
 Metaspace       used 12544K, committed 12736K, reserved 1064960K
  class space    used 900K, committed 1024K, reserved 1048576K
}
Event: 14.708 GC heap before
{Heap before GC invocations=9 (full 0):
 garbage-first heap   total 260096K, used 160811K [0x0000000703a00000, 0x0000000800000000)
  region size 2048K, 76 young (155648K), 4 survivors (8192K)
 Metaspace       used 12544K, committed 12736K, reserved 1064960K
  class space    used 900K, committed 1024K, reserved 1048576K
}
Event: 14.712 GC heap after
{Heap after GC invocations=10 (full 0):
 garbage-first heap   total 260096K, used 13839K [0x0000000703a00000, 0x0000000800000000)
  region size 2048K, 4 young (8192K), 4 survivors (8192K)
 Metaspace       used 12544K, committed 12736K, reserved 1064960K
  class space    used 900K, committed 1024K, reserved 1048576K
}
Event: 16.390 GC heap before
{Heap before GC invocations=10 (full 0):
 garbage-first heap   total 260096K, used 161295K [0x0000000703a00000, 0x0000000800000000)
  region size 2048K, 76 young (155648K), 4 survivors (8192K)
 Metaspace       used 12571K, committed 12800K, reserved 1064960K
  class space    used 900K, committed 1024K, reserved 1048576K
}
Event: 16.394 GC heap after
{Heap after GC invocations=11 (full 0):
 garbage-first heap   total 260096K, used 14697K [0x0000000703a00000, 0x0000000800000000)
  region size 2048K, 5 young (10240K), 5 survivors (10240K)
 Metaspace       used 12571K, committed 12800K, reserved 1064960K
  class space    used 900K, committed 1024K, reserved 1048576K
}
Event: 18.059 GC heap before
{Heap before GC invocations=11 (full 0):
 garbage-first heap   total 260096K, used 160105K [0x0000000703a00000, 0x0000000800000000)
  region size 2048K, 76 young (155648K), 5 survivors (10240K)
 Metaspace       used 12578K, committed 12800K, reserved 1064960K
  class space    used 900K, committed 1024K, reserved 1048576K
}
Event: 18.062 GC heap after
{Heap after GC invocations=12 (full 0):
 garbage-first heap   total 260096K, used 13778K [0x0000000703a00000, 0x0000000800000000)
  region size 2048K, 4 young (8192K), 4 survivors (8192K)
 Metaspace       used 12578K, committed 12800K, reserved 1064960K
  class space    used 900K, committed 1024K, reserved 1048576K
}
Event: 19.777 GC heap before
{Heap before GC invocations=12 (full 0):
 garbage-first heap   total 260096K, used 161234K [0x0000000703a00000, 0x0000000800000000)
  region size 2048K, 76 young (155648K), 4 survivors (8192K)
 Metaspace       used 12587K, committed 12800K, reserved 1064960K
  class space    used 900K, committed 1024K, reserved 1048576K
}
Event: 19.780 GC heap after
{Heap after GC invocations=13 (full 0):
 garbage-first heap   total 260096K, used 13981K [0x0000000703a00000, 0x0000000800000000)
  region size 2048K, 4 young (8192K), 4 survivors (8192K)
 Metaspace       used 12587K, committed 12800K, reserved 1064960K
  class space    used 900K, committed 1024K, reserved 1048576K
}

