# JRE version: Java(TM) SE Runtime Environment (16.0.2+7) (build 16.0.2+7-67)
# Java VM: Java HotSpot(TM) 64-Bit Server VM (16.0.2+7-67, mixed mode, sharing, tiered, compressed oops, compressed class ptrs, g1 gc, windows-amd64)
GC Precious Log:
 CPUs: 8 total, 8 available
 Memory: 16149M
 Large Page Support: Disabled
 NUMA Support: Disabled
 Compressed Oops: Enabled (Zero based)
 Heap Region Size: 2M
 Heap Min Capacity: 8M
 Heap Initial Capacity: 254M
 Heap Max Capacity: 4038M
 Pre-touch: Disabled
 Parallel Workers: 8
 Concurrent Workers: 2
 Concurrent Refinement Workers: 8
 Periodic GC: Disabled
Heap:
 garbage-first heap   total 260096K, used 65747K [0x0000000703a00000, 0x0000000800000000)
  region size 2048K, 31 young (63488K), 1 survivors (2048K)
 Metaspace       used 12546K, committed 12736K, reserved 1064960K
  class space    used 881K, committed 960K, reserved 1048576K
GC Heap History (20 events):
Event: 108.348 GC heap before
{Heap before GC invocations=44 (full 0):
 garbage-first heap   total 260096K, used 159949K [0x0000000703a00000, 0x0000000800000000)
  region size 2048K, 76 young (155648K), 1 survivors (2048K)
 Metaspace       used 12496K, committed 12672K, reserved 1064960K
  class space    used 877K, committed 960K, reserved 1048576K
}
Event: 108.350 GC heap after
{Heap after GC invocations=45 (full 0):
 garbage-first heap   total 260096K, used 6351K [0x0000000703a00000, 0x0000000800000000)
  region size 2048K, 1 young (2048K), 1 survivors (2048K)
 Metaspace       used 12496K, committed 12672K, reserved 1064960K
  class space    used 877K, committed 960K, reserved 1048576K
}
Event: 110.749 GC heap before
{Heap before GC invocations=45 (full 0):
 garbage-first heap   total 260096K, used 159951K [0x0000000703a00000, 0x0000000800000000)
  region size 2048K, 76 young (155648K), 1 survivors (2048K)
 Metaspace       used 12496K, committed 12672K, reserved 1064960K
  class space    used 877K, committed 960K, reserved 1048576K
}
Event: 110.750 GC heap after
{Heap after GC invocations=46 (full 0):
 garbage-first heap   total 260096K, used 6353K [0x0000000703a00000, 0x0000000800000000)
  region size 2048K, 1 young (2048K), 1 survivors (2048K)
 Metaspace       used 12496K, committed 12672K, reserved 1064960K
  class space    used 877K, committed 960K, reserved 1048576K
}
Event: 113.285 GC heap before
{Heap before GC invocations=46 (full 0):
 garbage-first heap   total 260096K, used 159953K [0x0000000703a00000, 0x0000000800000000)
  region size 2048K, 76 young (155648K), 1 survivors (2048K)
 Metaspace       used 12496K, committed 12672K, reserved 1064960K
  class space    used 877K, committed 960K, reserved 1048576K
}
Event: 113.286 GC heap after
{Heap after GC invocations=47 (full 0):
 garbage-first heap   total 260096K, used 6353K [0x0000000703a00000, 0x0000000800000000)
  region size 2048K, 1 young (2048K), 1 survivors (2048K)
 Metaspace       used 12496K, committed 12672K, reserved 1064960K
  class space    used 877K, committed 960K, reserved 1048576K
}
Event: 115.766 GC heap before
{Heap before GC invocations=47 (full 0):
 garbage-first heap   total 260096K, used 159953K [0x0000000703a00000, 0x0000000800000000)
  region size 2048K, 76 young (155648K), 1 survivors (2048K)
 Metaspace       used 12496K, committed 12672K, reserved 1064960K
  class space    used 877K, committed 960K, reserved 1048576K
}
Event: 115.767 GC heap after
{Heap after GC invocations=48 (full 0):
 garbage-first heap   total 260096K, used 6351K [0x0000000703a00000, 0x0000000800000000)
  region size 2048K, 1 young (2048K), 1 survivors (2048K)
 Metaspace       used 12496K, committed 12672K, reserved 1064960K
  class space    used 877K, committed 960K, reserved 1048576K
}
Event: 118.210 GC heap before
{Heap before GC invocations=48 (full 0):
 garbage-first heap   total 260096K, used 159951K [0x0000000703a00000, 0x0000000800000000)
  region size 2048K, 76 young (155648K), 1 survivors (2048K)
 Metaspace       used 12496K, committed 12672K, reserved 1064960K
  class space    used 877K, committed 960K, reserved 1048576K
}
Event: 118.211 GC heap after
{Heap after GC invocations=49 (full 0):
 garbage-first heap   total 260096K, used 6351K [0x0000000703a00000, 0x0000000800000000)
  region size 2048K, 1 young (2048K), 1 survivors (2048K)
 Metaspace       used 12496K, committed 12672K, reserved 1064960K
  class space    used 877K, committed 960K, reserved 1048576K
}
Event: 120.795 GC heap before
{Heap before GC invocations=49 (full 0):
 garbage-first heap   total 260096K, used 159951K [0x0000000703a00000, 0x0000000800000000)
  region size 2048K, 76 young (155648K), 1 survivors (2048K)
 Metaspace       used 12496K, committed 12672K, reserved 1064960K
  class space    used 877K, committed 960K, reserved 1048576K
}
Event: 120.796 GC heap after
{Heap after GC invocations=50 (full 0):
 garbage-first heap   total 260096K, used 6351K [0x0000000703a00000, 0x0000000800000000)
  region size 2048K, 1 young (2048K), 1 survivors (2048K)
 Metaspace       used 12496K, committed 12672K, reserved 1064960K
  class space    used 877K, committed 960K, reserved 1048576K
}
Event: 123.652 GC heap before
{Heap before GC invocations=50 (full 0):
 garbage-first heap   total 260096K, used 159951K [0x0000000703a00000, 0x0000000800000000)
  region size 2048K, 76 young (155648K), 1 survivors (2048K)
 Metaspace       used 12496K, committed 12672K, reserved 1064960K
  class space    used 877K, committed 960K, reserved 1048576K
}
Event: 123.652 GC heap after
{Heap after GC invocations=51 (full 0):
 garbage-first heap   total 260096K, used 6351K [0x0000000703a00000, 0x0000000800000000)
  region size 2048K, 1 young (2048K), 1 survivors (2048K)
 Metaspace       used 12496K, committed 12672K, reserved 1064960K
  class space    used 877K, committed 960K, reserved 1048576K
}
Event: 126.364 GC heap before
{Heap before GC invocations=51 (full 0):
 garbage-first heap   total 260096K, used 159951K [0x0000000703a00000, 0x0000000800000000)
  region size 2048K, 76 young (155648K), 1 survivors (2048K)
 Metaspace       used 12496K, committed 12672K, reserved 1064960K
  class space    used 877K, committed 960K, reserved 1048576K
}
Event: 126.365 GC heap after
{Heap after GC invocations=52 (full 0):
 garbage-first heap   total 260096K, used 6351K [0x0000000703a00000, 0x0000000800000000)
  region size 2048K, 1 young (2048K), 1 survivors (2048K)
 Metaspace       used 12496K, committed 12672K, reserved 1064960K
  class space    used 877K, committed 960K, reserved 1048576K
}
Event: 129.046 GC heap before
{Heap before GC invocations=52 (full 0):
 garbage-first heap   total 260096K, used 159951K [0x0000000703a00000, 0x0000000800000000)
  region size 2048K, 76 young (155648K), 1 survivors (2048K)
 Metaspace       used 12496K, committed 12672K, reserved 1064960K
  class space    used 877K, committed 960K, reserved 1048576K
}
Event: 129.047 GC heap after
{Heap after GC invocations=53 (full 0):
 garbage-first heap   total 260096K, used 6351K [0x0000000703a00000, 0x0000000800000000)
  region size 2048K, 1 young (2048K), 1 survivors (2048K)
 Metaspace       used 12496K, committed 12672K, reserved 1064960K
  class space    used 877K, committed 960K, reserved 1048576K
}
Event: 131.445 GC heap before
{Heap before GC invocations=53 (full 0):
 garbage-first heap   total 260096K, used 159951K [0x0000000703a00000, 0x0000000800000000)
  region size 2048K, 76 young (155648K), 1 survivors (2048K)
 Metaspace       used 12502K, committed 12672K, reserved 1064960K
  class space    used 877K, committed 960K, reserved 1048576K
}
Event: 131.446 GC heap after
{Heap after GC invocations=54 (full 0):
 garbage-first heap   total 260096K, used 6355K [0x0000000703a00000, 0x0000000800000000)
  region size 2048K, 1 young (2048K), 1 survivors (2048K)
 Metaspace       used 12502K, committed 12672K, reserved 1064960K
  class space    used 877K, committed 960K, reserved 1048576K
}

