# JRE version: Java(TM) SE Runtime Environment (16.0.2+7) (build 16.0.2+7-67)
# Java VM: Java HotSpot(TM) 64-Bit Server VM (16.0.2+7-67, mixed mode, sharing, tiered, compressed oops, compressed class ptrs, g1 gc, windows-amd64)
GC Precious Log:
 CPUs: 8 total, 8 available
 Memory: 16149M
 Large Page Support: Disabled
 NUMA Support: Disabled
 Compressed Oops: Enabled (Zero based)
 Heap Region Size: 2M
 Heap Min Capacity: 8M
 Heap Initial Capacity: 254M
 Heap Max Capacity: 4038M
 Pre-touch: Disabled
 Parallel Workers: 8
 Concurrent Workers: 2
 Concurrent Refinement Workers: 8
 Periodic GC: Disabled
Heap:
 garbage-first heap   total 260096K, used 65062K [0x0000000703a00000, 0x0000000800000000)
  region size 2048K, 29 young (59392K), 1 survivors (2048K)
 Metaspace       used 12543K, committed 12672K, reserved 1064960K
  class space    used 881K, committed 960K, reserved 1048576K
GC Heap History (20 events):
Event: 56.484 GC heap before
{Heap before GC invocations=42 (full 0):
 garbage-first heap   total 260096K, used 163360K [0x0000000703a00000, 0x0000000800000000)
  region size 2048K, 76 young (155648K), 1 survivors (2048K)
 Metaspace       used 12500K, committed 12672K, reserved 1064960K
  class space    used 877K, committed 960K, reserved 1048576K
}
Event: 56.485 GC heap after
{Heap after GC invocations=43 (full 0):
 garbage-first heap   total 260096K, used 9760K [0x0000000703a00000, 0x0000000800000000)
  region size 2048K, 1 young (2048K), 1 survivors (2048K)
 Metaspace       used 12500K, committed 12672K, reserved 1064960K
  class space    used 877K, committed 960K, reserved 1048576K
}
Event: 57.903 GC heap before
{Heap before GC invocations=43 (full 0):
 garbage-first heap   total 260096K, used 163360K [0x0000000703a00000, 0x0000000800000000)
  region size 2048K, 76 young (155648K), 1 survivors (2048K)
 Metaspace       used 12500K, committed 12672K, reserved 1064960K
  class space    used 877K, committed 960K, reserved 1048576K
}
Event: 57.904 GC heap after
{Heap after GC invocations=44 (full 0):
 garbage-first heap   total 260096K, used 9760K [0x0000000703a00000, 0x0000000800000000)
  region size 2048K, 1 young (2048K), 1 survivors (2048K)
 Metaspace       used 12500K, committed 12672K, reserved 1064960K
  class space    used 877K, committed 960K, reserved 1048576K
}
Event: 59.345 GC heap before
{Heap before GC invocations=44 (full 0):
 garbage-first heap   total 260096K, used 163360K [0x0000000703a00000, 0x0000000800000000)
  region size 2048K, 76 young (155648K), 1 survivors (2048K)
 Metaspace       used 12500K, committed 12672K, reserved 1064960K
  class space    used 877K, committed 960K, reserved 1048576K
}
Event: 59.346 GC heap after
{Heap after GC invocations=45 (full 0):
 garbage-first heap   total 260096K, used 9766K [0x0000000703a00000, 0x0000000800000000)
  region size 2048K, 1 young (2048K), 1 survivors (2048K)
 Metaspace       used 12500K, committed 12672K, reserved 1064960K
  class space    used 877K, committed 960K, reserved 1048576K
}
Event: 60.685 GC heap before
{Heap before GC invocations=45 (full 0):
 garbage-first heap   total 260096K, used 163366K [0x0000000703a00000, 0x0000000800000000)
  region size 2048K, 76 young (155648K), 1 survivors (2048K)
 Metaspace       used 12500K, committed 12672K, reserved 1064960K
  class space    used 877K, committed 960K, reserved 1048576K
}
Event: 60.686 GC heap after
{Heap after GC invocations=46 (full 0):
 garbage-first heap   total 260096K, used 9768K [0x0000000703a00000, 0x0000000800000000)
  region size 2048K, 1 young (2048K), 1 survivors (2048K)
 Metaspace       used 12500K, committed 12672K, reserved 1064960K
  class space    used 877K, committed 960K, reserved 1048576K
}
Event: 62.114 GC heap before
{Heap before GC invocations=46 (full 0):
 garbage-first heap   total 260096K, used 163368K [0x0000000703a00000, 0x0000000800000000)
  region size 2048K, 76 young (155648K), 1 survivors (2048K)
 Metaspace       used 12500K, committed 12672K, reserved 1064960K
  class space    used 877K, committed 960K, reserved 1048576K
}
Event: 62.115 GC heap after
{Heap after GC invocations=47 (full 0):
 garbage-first heap   total 260096K, used 9768K [0x0000000703a00000, 0x0000000800000000)
  region size 2048K, 1 young (2048K), 1 survivors (2048K)
 Metaspace       used 12500K, committed 12672K, reserved 1064960K
  class space    used 877K, committed 960K, reserved 1048576K
}
Event: 63.475 GC heap before
{Heap before GC invocations=47 (full 0):
 garbage-first heap   total 260096K, used 163368K [0x0000000703a00000, 0x0000000800000000)
  region size 2048K, 76 young (155648K), 1 survivors (2048K)
 Metaspace       used 12500K, committed 12672K, reserved 1064960K
  class space    used 877K, committed 960K, reserved 1048576K
}
Event: 63.476 GC heap after
{Heap after GC invocations=48 (full 0):
 garbage-first heap   total 260096K, used 9768K [0x0000000703a00000, 0x0000000800000000)
  region size 2048K, 1 young (2048K), 1 survivors (2048K)
 Metaspace       used 12500K, committed 12672K, reserved 1064960K
  class space    used 877K, committed 960K, reserved 1048576K
}
Event: 64.818 GC heap before
{Heap before GC invocations=48 (full 0):
 garbage-first heap   total 260096K, used 163368K [0x0000000703a00000, 0x0000000800000000)
  region size 2048K, 76 young (155648K), 1 survivors (2048K)
 Metaspace       used 12500K, committed 12672K, reserved 1064960K
  class space    used 877K, committed 960K, reserved 1048576K
}
Event: 64.819 GC heap after
{Heap after GC invocations=49 (full 0):
 garbage-first heap   total 260096K, used 9768K [0x0000000703a00000, 0x0000000800000000)
  region size 2048K, 1 young (2048K), 1 survivors (2048K)
 Metaspace       used 12500K, committed 12672K, reserved 1064960K
  class space    used 877K, committed 960K, reserved 1048576K
}
Event: 66.177 GC heap before
{Heap before GC invocations=49 (full 0):
 garbage-first heap   total 260096K, used 163368K [0x0000000703a00000, 0x0000000800000000)
  region size 2048K, 76 young (155648K), 1 survivors (2048K)
 Metaspace       used 12500K, committed 12672K, reserved 1064960K
  class space    used 877K, committed 960K, reserved 1048576K
}
Event: 66.178 GC heap after
{Heap after GC invocations=50 (full 0):
 garbage-first heap   total 260096K, used 9766K [0x0000000703a00000, 0x0000000800000000)
  region size 2048K, 1 young (2048K), 1 survivors (2048K)
 Metaspace       used 12500K, committed 12672K, reserved 1064960K
  class space    used 877K, committed 960K, reserved 1048576K
}
Event: 67.470 GC heap before
{Heap before GC invocations=50 (full 0):
 garbage-first heap   total 260096K, used 163366K [0x0000000703a00000, 0x0000000800000000)
  region size 2048K, 76 young (155648K), 1 survivors (2048K)
 Metaspace       used 12500K, committed 12672K, reserved 1064960K
  class space    used 877K, committed 960K, reserved 1048576K
}
Event: 67.471 GC heap after
{Heap after GC invocations=51 (full 0):
 garbage-first heap   total 260096K, used 9768K [0x0000000703a00000, 0x0000000800000000)
  region size 2048K, 1 young (2048K), 1 survivors (2048K)
 Metaspace       used 12500K, committed 12672K, reserved 1064960K
  class space    used 877K, committed 960K, reserved 1048576K
}
Event: 68.679 GC heap before
{Heap before GC invocations=51 (full 0):
 garbage-first heap   total 260096K, used 163368K [0x0000000703a00000, 0x0000000800000000)
  region size 2048K, 76 young (155648K), 1 survivors (2048K)
 Metaspace       used 12500K, committed 12672K, reserved 1064960K
  class space    used 877K, committed 960K, reserved 1048576K
}
Event: 68.680 GC heap after
{Heap after GC invocations=52 (full 0):
 garbage-first heap   total 260096K, used 9766K [0x0000000703a00000, 0x0000000800000000)
  region size 2048K, 1 young (2048K), 1 survivors (2048K)
 Metaspace       used 12500K, committed 12672K, reserved 1064960K
  class space    used 877K, committed 960K, reserved 1048576K
}

