# JRE version: Java(TM) SE Runtime Environment (16.0.2+7) (build 16.0.2+7-67)
# Java VM: Java HotSpot(TM) 64-Bit Server VM (16.0.2+7-67, mixed mode, sharing, tiered, compressed oops, compressed class ptrs, g1 gc, windows-amd64)
GC Precious Log:
 CPUs: 8 total, 8 available
 Memory: 16149M
 Large Page Support: Disabled
 NUMA Support: Disabled
 Compressed Oops: Enabled (Zero based)
 Heap Region Size: 2M
 Heap Min Capacity: 8M
 Heap Initial Capacity: 254M
 Heap Max Capacity: 4038M
 Pre-touch: Disabled
 Parallel Workers: 8
 Concurrent Workers: 2
 Concurrent Refinement Workers: 8
 Periodic GC: Disabled
Heap:
 garbage-first heap   total 260096K, used 115135K [0x0000000703a00000, 0x0000000800000000)
  region size 2048K, 5 young (10240K), 1 survivors (2048K)
 Metaspace       used 12599K, committed 12800K, reserved 1064960K
  class space    used 880K, committed 960K, reserved 1048576K
GC Heap History (20 events):
Event: 184.479 GC heap before
{Heap before GC invocations=8 (full 0):
 garbage-first heap   total 260096K, used 225681K [0x0000000703a00000, 0x0000000800000000)
  region size 2048K, 58 young (118784K), 1 survivors (2048K)
 Metaspace       used 12558K, committed 12736K, reserved 1064960K
  class space    used 876K, committed 960K, reserved 1048576K
}
Event: 184.480 GC heap after
{Heap after GC invocations=9 (full 0):
 garbage-first heap   total 260096K, used 108950K [0x0000000703a00000, 0x0000000800000000)
  region size 2048K, 1 young (2048K), 1 survivors (2048K)
 Metaspace       used 12558K, committed 12736K, reserved 1064960K
  class space    used 876K, committed 960K, reserved 1048576K
}
Event: 232.569 GC heap before
{Heap before GC invocations=9 (full 0):
 garbage-first heap   total 260096K, used 227734K [0x0000000703a00000, 0x0000000800000000)
  region size 2048K, 59 young (120832K), 1 survivors (2048K)
 Metaspace       used 12558K, committed 12736K, reserved 1064960K
  class space    used 876K, committed 960K, reserved 1048576K
}
Event: 232.570 GC heap after
{Heap after GC invocations=10 (full 0):
 garbage-first heap   total 260096K, used 108988K [0x0000000703a00000, 0x0000000800000000)
  region size 2048K, 1 young (2048K), 1 survivors (2048K)
 Metaspace       used 12558K, committed 12736K, reserved 1064960K
  class space    used 876K, committed 960K, reserved 1048576K
}
Event: 281.896 GC heap before
{Heap before GC invocations=10 (full 0):
 garbage-first heap   total 260096K, used 227772K [0x0000000703a00000, 0x0000000800000000)
  region size 2048K, 59 young (120832K), 1 survivors (2048K)
 Metaspace       used 12558K, committed 12736K, reserved 1064960K
  class space    used 876K, committed 960K, reserved 1048576K
}
Event: 281.897 GC heap after
{Heap after GC invocations=11 (full 0):
 garbage-first heap   total 260096K, used 108984K [0x0000000703a00000, 0x0000000800000000)
  region size 2048K, 1 young (2048K), 1 survivors (2048K)
 Metaspace       used 12558K, committed 12736K, reserved 1064960K
  class space    used 876K, committed 960K, reserved 1048576K
}
Event: 330.905 GC heap before
{Heap before GC invocations=11 (full 0):
 garbage-first heap   total 260096K, used 227768K [0x0000000703a00000, 0x0000000800000000)
  region size 2048K, 59 young (120832K), 1 survivors (2048K)
 Metaspace       used 12558K, committed 12736K, reserved 1064960K
  class space    used 876K, committed 960K, reserved 1048576K
}
Event: 330.907 GC heap after
{Heap after GC invocations=12 (full 0):
 garbage-first heap   total 260096K, used 108985K [0x0000000703a00000, 0x0000000800000000)
  region size 2048K, 1 young (2048K), 1 survivors (2048K)
 Metaspace       used 12558K, committed 12736K, reserved 1064960K
  class space    used 876K, committed 960K, reserved 1048576K
}
Event: 380.047 GC heap before
{Heap before GC invocations=12 (full 0):
 garbage-first heap   total 260096K, used 229817K [0x0000000703a00000, 0x0000000800000000)
  region size 2048K, 60 young (122880K), 1 survivors (2048K)
 Metaspace       used 12558K, committed 12736K, reserved 1064960K
  class space    used 876K, committed 960K, reserved 1048576K
}
Event: 380.048 GC heap after
{Heap after GC invocations=13 (full 0):
 garbage-first heap   total 260096K, used 108963K [0x0000000703a00000, 0x0000000800000000)
  region size 2048K, 1 young (2048K), 1 survivors (2048K)
 Metaspace       used 12558K, committed 12736K, reserved 1064960K
  class space    used 876K, committed 960K, reserved 1048576K
}
Event: 429.182 GC heap before
{Heap before GC invocations=13 (full 0):
 garbage-first heap   total 260096K, used 229795K [0x0000000703a00000, 0x0000000800000000)
  region size 2048K, 60 young (122880K), 1 survivors (2048K)
 Metaspace       used 12558K, committed 12736K, reserved 1064960K
  class space    used 876K, committed 960K, reserved 1048576K
}
Event: 429.183 GC heap after
{Heap after GC invocations=14 (full 0):
 garbage-first heap   total 260096K, used 109007K [0x0000000703a00000, 0x0000000800000000)
  region size 2048K, 1 young (2048K), 1 survivors (2048K)
 Metaspace       used 12558K, committed 12736K, reserved 1064960K
  class space    used 876K, committed 960K, reserved 1048576K
}
Event: 478.198 GC heap before
{Heap before GC invocations=14 (full 0):
 garbage-first heap   total 260096K, used 229839K [0x0000000703a00000, 0x0000000800000000)
  region size 2048K, 60 young (122880K), 1 survivors (2048K)
 Metaspace       used 12558K, committed 12736K, reserved 1064960K
  class space    used 876K, committed 960K, reserved 1048576K
}
Event: 478.199 GC heap after
{Heap after GC invocations=15 (full 0):
 garbage-first heap   total 260096K, used 108977K [0x0000000703a00000, 0x0000000800000000)
  region size 2048K, 1 young (2048K), 1 survivors (2048K)
 Metaspace       used 12558K, committed 12736K, reserved 1064960K
  class space    used 876K, committed 960K, reserved 1048576K
}
Event: 527.231 GC heap before
{Heap before GC invocations=15 (full 0):
 garbage-first heap   total 260096K, used 229809K [0x0000000703a00000, 0x0000000800000000)
  region size 2048K, 60 young (122880K), 1 survivors (2048K)
 Metaspace       used 12558K, committed 12736K, reserved 1064960K
  class space    used 876K, committed 960K, reserved 1048576K
}
Event: 527.233 GC heap after
{Heap after GC invocations=16 (full 0):
 garbage-first heap   total 260096K, used 108990K [0x0000000703a00000, 0x0000000800000000)
  region size 2048K, 1 young (2048K), 1 survivors (2048K)
 Metaspace       used 12558K, committed 12736K, reserved 1064960K
  class space    used 876K, committed 960K, reserved 1048576K
}
Event: 576.262 GC heap before
{Heap before GC invocations=16 (full 0):
 garbage-first heap   total 260096K, used 229822K [0x0000000703a00000, 0x0000000800000000)
  region size 2048K, 60 young (122880K), 1 survivors (2048K)
 Metaspace       used 12558K, committed 12736K, reserved 1064960K
  class space    used 876K, committed 960K, reserved 1048576K
}
Event: 576.264 GC heap after
{Heap after GC invocations=17 (full 0):
 garbage-first heap   total 260096K, used 109027K [0x0000000703a00000, 0x0000000800000000)
  region size 2048K, 1 young (2048K), 1 survivors (2048K)
 Metaspace       used 12558K, committed 12736K, reserved 1064960K
  class space    used 876K, committed 960K, reserved 1048576K
}
Event: 875.494 GC heap before
{Heap before GC invocations=17 (full 0):
 garbage-first heap   total 260096K, used 227811K [0x0000000703a00000, 0x0000000800000000)
  region size 2048K, 59 young (120832K), 1 survivors (2048K)
 Metaspace       used 12558K, committed 12736K, reserved 1064960K
  class space    used 876K, committed 960K, reserved 1048576K
}
Event: 875.495 GC heap after
{Heap after GC invocations=18 (full 0):
 garbage-first heap   total 260096K, used 108991K [0x0000000703a00000, 0x0000000800000000)
  region size 2048K, 1 young (2048K), 1 survivors (2048K)
 Metaspace       used 12558K, committed 12736K, reserved 1064960K
  class space    used 876K, committed 960K, reserved 1048576K
}

