# JRE version: Java(TM) SE Runtime Environment (16.0.2+7) (build 16.0.2+7-67)
# Java VM: Java HotSpot(TM) 64-Bit Server VM (16.0.2+7-67, mixed mode, sharing, tiered, compressed oops, compressed class ptrs, g1 gc, windows-amd64)
GC Precious Log:
 CPUs: 8 total, 8 available
 Memory: 16149M
 Large Page Support: Disabled
 NUMA Support: Disabled
 Compressed Oops: Enabled (Zero based)
 Heap Region Size: 2M
 Heap Min Capacity: 8M
 Heap Initial Capacity: 254M
 Heap Max Capacity: 4038M
 Pre-touch: Disabled
 Parallel Workers: 8
 Concurrent Workers: 2
 Concurrent Refinement Workers: 8
 Periodic GC: Disabled
Heap:
 garbage-first heap   total 716800K, used 220827K [0x0000000703a00000, 0x0000000800000000)
  region size 2048K, 10 young (20480K), 1 survivors (2048K)
 Metaspace       used 12326K, committed 12544K, reserved 1064960K
  class space    used 881K, committed 960K, reserved 1048576K
GC Heap History (20 events):
Event: 1.397 GC heap before
{Heap before GC invocations=1 (full 0):
 garbage-first heap   total 260096K, used 32685K [0x0000000703a00000, 0x0000000800000000)
  region size 2048K, 16 young (32768K), 2 survivors (4096K)
 Metaspace       used 11866K, committed 12032K, reserved 1064960K
  class space    used 868K, committed 960K, reserved 1048576K
}
Event: 1.401 GC heap after
{Heap after GC invocations=2 (full 0):
 garbage-first heap   total 260096K, used 10826K [0x0000000703a00000, 0x0000000800000000)
  region size 2048K, 2 young (4096K), 2 survivors (4096K)
 Metaspace       used 11866K, committed 12032K, reserved 1064960K
  class space    used 868K, committed 960K, reserved 1048576K
}
Event: 1.460 GC heap before
{Heap before GC invocations=2 (full 0):
 garbage-first heap   total 260096K, used 119370K [0x0000000703a00000, 0x0000000800000000)
  region size 2048K, 6 young (12288K), 2 survivors (4096K)
 Metaspace       used 11876K, committed 12032K, reserved 1064960K
  class space    used 868K, committed 960K, reserved 1048576K
}
Event: 1.461 GC heap after
{Heap after GC invocations=3 (full 0):
 garbage-first heap   total 260096K, used 67344K [0x0000000703a00000, 0x0000000800000000)
  region size 2048K, 1 young (2048K), 1 survivors (2048K)
 Metaspace       used 11876K, committed 12032K, reserved 1064960K
  class space    used 868K, committed 960K, reserved 1048576K
}
Event: 1.471 GC heap before
{Heap before GC invocations=3 (full 0):
 garbage-first heap   total 260096K, used 116496K [0x0000000703a00000, 0x0000000800000000)
  region size 2048K, 1 young (2048K), 1 survivors (2048K)
 Metaspace       used 11876K, committed 12032K, reserved 1064960K
  class space    used 868K, committed 960K, reserved 1048576K
}
Event: 1.472 GC heap after
{Heap after GC invocations=4 (full 0):
 garbage-first heap   total 260096K, used 85681K [0x0000000703a00000, 0x0000000800000000)
  region size 2048K, 1 young (2048K), 1 survivors (2048K)
 Metaspace       used 11876K, committed 12032K, reserved 1064960K
  class space    used 868K, committed 960K, reserved 1048576K
}
Event: 1.515 GC heap before
{Heap before GC invocations=4 (full 0):
 garbage-first heap   total 260096K, used 122545K [0x0000000703a00000, 0x0000000800000000)
  region size 2048K, 6 young (12288K), 1 survivors (2048K)
 Metaspace       used 11899K, committed 12096K, reserved 1064960K
  class space    used 869K, committed 960K, reserved 1048576K
}
Event: 1.516 GC heap after
{Heap after GC invocations=5 (full 0):
 garbage-first heap   total 260096K, used 108165K [0x0000000703a00000, 0x0000000800000000)
  region size 2048K, 2 young (4096K), 2 survivors (4096K)
 Metaspace       used 11899K, committed 12096K, reserved 1064960K
  class space    used 869K, committed 960K, reserved 1048576K
}
Event: 1.529 GC heap before
{Heap before GC invocations=5 (full 0):
 garbage-first heap   total 260096K, used 120453K [0x0000000703a00000, 0x0000000800000000)
  region size 2048K, 5 young (10240K), 2 survivors (4096K)
 Metaspace       used 11901K, committed 12096K, reserved 1064960K
  class space    used 869K, committed 960K, reserved 1048576K
}
Event: 1.530 GC heap after
{Heap after GC invocations=6 (full 0):
 garbage-first heap   total 260096K, used 114345K [0x0000000703a00000, 0x0000000800000000)
  region size 2048K, 2 young (4096K), 2 survivors (4096K)
 Metaspace       used 11901K, committed 12096K, reserved 1064960K
  class space    used 869K, committed 960K, reserved 1048576K
}
Event: 1.533 GC heap before
{Heap before GC invocations=6 (full 0):
 garbage-first heap   total 260096K, used 118441K [0x0000000703a00000, 0x0000000800000000)
  region size 2048K, 3 young (6144K), 2 survivors (4096K)
 Metaspace       used 11902K, committed 12096K, reserved 1064960K
  class space    used 869K, committed 960K, reserved 1048576K
}
Event: 1.535 GC heap after
{Heap after GC invocations=7 (full 0):
 garbage-first heap   total 358400K, used 116475K [0x0000000703a00000, 0x0000000800000000)
  region size 2048K, 2 young (4096K), 2 survivors (4096K)
 Metaspace       used 11902K, committed 12096K, reserved 1064960K
  class space    used 869K, committed 960K, reserved 1048576K
}
Event: 1.561 GC heap before
{Heap before GC invocations=7 (full 0):
 garbage-first heap   total 358400K, used 161531K [0x0000000703a00000, 0x0000000800000000)
  region size 2048K, 3 young (6144K), 2 survivors (4096K)
 Metaspace       used 11904K, committed 12096K, reserved 1064960K
  class space    used 869K, committed 960K, reserved 1048576K
}
Event: 1.562 GC heap after
{Heap after GC invocations=8 (full 0):
 garbage-first heap   total 358400K, used 138923K [0x0000000703a00000, 0x0000000800000000)
  region size 2048K, 1 young (2048K), 1 survivors (2048K)
 Metaspace       used 11904K, committed 12096K, reserved 1064960K
  class space    used 869K, committed 960K, reserved 1048576K
}
Event: 1.571 GC heap before
{Heap before GC invocations=8 (full 0):
 garbage-first heap   total 358400K, used 151211K [0x0000000703a00000, 0x0000000800000000)
  region size 2048K, 2 young (4096K), 1 survivors (2048K)
 Metaspace       used 11905K, committed 12096K, reserved 1064960K
  class space    used 869K, committed 960K, reserved 1048576K
}
Event: 1.572 GC heap after
{Heap after GC invocations=9 (full 0):
 garbage-first heap   total 358400K, used 145033K [0x0000000703a00000, 0x0000000800000000)
  region size 2048K, 1 young (2048K), 1 survivors (2048K)
 Metaspace       used 11905K, committed 12096K, reserved 1064960K
  class space    used 869K, committed 960K, reserved 1048576K
}
Event: 1.584 GC heap before
{Heap before GC invocations=9 (full 0):
 garbage-first heap   total 358400K, used 163465K [0x0000000703a00000, 0x0000000800000000)
  region size 2048K, 2 young (4096K), 1 survivors (2048K)
 Metaspace       used 11905K, committed 12096K, reserved 1064960K
  class space    used 869K, committed 960K, reserved 1048576K
}
Event: 1.585 GC heap after
{Heap after GC invocations=10 (full 0):
 garbage-first heap   total 358400K, used 153204K [0x0000000703a00000, 0x0000000800000000)
  region size 2048K, 1 young (2048K), 1 survivors (2048K)
 Metaspace       used 11905K, committed 12096K, reserved 1064960K
  class space    used 869K, committed 960K, reserved 1048576K
}
Event: 1.587 GC heap before
{Heap before GC invocations=10 (full 0):
 garbage-first heap   total 358400K, used 159348K [0x0000000703a00000, 0x0000000800000000)
  region size 2048K, 2 young (4096K), 1 survivors (2048K)
 Metaspace       used 11905K, committed 12096K, reserved 1064960K
  class space    used 869K, committed 960K, reserved 1048576K
}
Event: 1.589 GC heap after
{Heap after GC invocations=11 (full 0):
 garbage-first heap   total 716800K, used 155291K [0x0000000703a00000, 0x0000000800000000)
  region size 2048K, 1 young (2048K), 1 survivors (2048K)
 Metaspace       used 11905K, committed 12096K, reserved 1064960K
  class space    used 869K, committed 960K, reserved 1048576K
}

