# JRE version: Java(TM) SE Runtime Environment (16.0.2+7) (build 16.0.2+7-67)
# Java VM: Java HotSpot(TM) 64-Bit Server VM (16.0.2+7-67, mixed mode, sharing, tiered, compressed oops, compressed class ptrs, g1 gc, windows-amd64)
GC Precious Log:
 CPUs: 8 total, 8 available
 Memory: 16149M
 Large Page Support: Disabled
 NUMA Support: Disabled
 Compressed Oops: Enabled (Zero based)
 Heap Region Size: 2M
 Heap Min Capacity: 8M
 Heap Initial Capacity: 254M
 Heap Max Capacity: 4038M
 Pre-touch: Disabled
 Parallel Workers: 8
 Concurrent Workers: 2
 Concurrent Refinement Workers: 8
 Periodic GC: Disabled
Heap:
 garbage-first heap   total 483328K, used 239241K [0x0000000703a00000, 0x0000000800000000)
  region size 2048K, 23 young (47104K), 1 survivors (2048K)
 Metaspace       used 12605K, committed 12800K, reserved 1064960K
  class space    used 880K, committed 960K, reserved 1048576K
GC Heap History (16 events):
Event: 0.533 GC heap before
{Heap before GC invocations=0 (full 0):
 garbage-first heap   total 260096K, used 22528K [0x0000000703a00000, 0x0000000800000000)
  region size 2048K, 11 young (22528K), 0 survivors (0K)
 Metaspace       used 10532K, committed 10688K, reserved 1064960K
  class space    used 746K, committed 832K, reserved 1048576K
}
Event: 0.536 GC heap after
{Heap after GC invocations=1 (full 0):
 garbage-first heap   total 260096K, used 6058K [0x0000000703a00000, 0x0000000800000000)
  region size 2048K, 2 young (4096K), 2 survivors (4096K)
 Metaspace       used 10532K, committed 10688K, reserved 1064960K
  class space    used 746K, committed 832K, reserved 1048576K
}
Event: 1.023 GC heap before
{Heap before GC invocations=1 (full 0):
 garbage-first heap   total 260096K, used 32682K [0x0000000703a00000, 0x0000000800000000)
  region size 2048K, 16 young (32768K), 2 survivors (4096K)
 Metaspace       used 11850K, committed 12032K, reserved 1064960K
  class space    used 868K, committed 960K, reserved 1048576K
}
Event: 1.026 GC heap after
{Heap after GC invocations=2 (full 0):
 garbage-first heap   total 260096K, used 10959K [0x0000000703a00000, 0x0000000800000000)
  region size 2048K, 2 young (4096K), 2 survivors (4096K)
 Metaspace       used 11850K, committed 12032K, reserved 1064960K
  class space    used 868K, committed 960K, reserved 1048576K
}
Event: 1.073 GC heap before
{Heap before GC invocations=2 (full 0):
 garbage-first heap   total 260096K, used 119503K [0x0000000703a00000, 0x0000000800000000)
  region size 2048K, 6 young (12288K), 2 survivors (4096K)
 Metaspace       used 11860K, committed 12032K, reserved 1064960K
  class space    used 868K, committed 960K, reserved 1048576K
}
Event: 1.074 GC heap after
{Heap after GC invocations=3 (full 0):
 garbage-first heap   total 260096K, used 67333K [0x0000000703a00000, 0x0000000800000000)
  region size 2048K, 1 young (2048K), 1 survivors (2048K)
 Metaspace       used 11860K, committed 12032K, reserved 1064960K
  class space    used 868K, committed 960K, reserved 1048576K
}
Event: 1.082 GC heap before
{Heap before GC invocations=3 (full 0):
 garbage-first heap   total 260096K, used 116485K [0x0000000703a00000, 0x0000000800000000)
  region size 2048K, 1 young (2048K), 1 survivors (2048K)
 Metaspace       used 11860K, committed 12032K, reserved 1064960K
  class space    used 868K, committed 960K, reserved 1048576K
}
Event: 1.083 GC heap after
{Heap after GC invocations=4 (full 0):
 garbage-first heap   total 260096K, used 85706K [0x0000000703a00000, 0x0000000800000000)
  region size 2048K, 1 young (2048K), 1 survivors (2048K)
 Metaspace       used 11860K, committed 12032K, reserved 1064960K
  class space    used 868K, committed 960K, reserved 1048576K
}
Event: 1.115 GC heap before
{Heap before GC invocations=4 (full 0):
 garbage-first heap   total 260096K, used 120522K [0x0000000703a00000, 0x0000000800000000)
  region size 2048K, 5 young (10240K), 1 survivors (2048K)
 Metaspace       used 11877K, committed 12096K, reserved 1064960K
  class space    used 868K, committed 960K, reserved 1048576K
}
Event: 1.116 GC heap after
{Heap after GC invocations=5 (full 0):
 garbage-first heap   total 260096K, used 108188K [0x0000000703a00000, 0x0000000800000000)
  region size 2048K, 2 young (4096K), 2 survivors (4096K)
 Metaspace       used 11877K, committed 12096K, reserved 1064960K
  class space    used 868K, committed 960K, reserved 1048576K
}
Event: 1.126 GC heap before
{Heap before GC invocations=5 (full 0):
 garbage-first heap   total 260096K, used 120476K [0x0000000703a00000, 0x0000000800000000)
  region size 2048K, 5 young (10240K), 2 survivors (4096K)
 Metaspace       used 11879K, committed 12096K, reserved 1064960K
  class space    used 868K, committed 960K, reserved 1048576K
}
Event: 1.127 GC heap after
{Heap after GC invocations=6 (full 0):
 garbage-first heap   total 260096K, used 114655K [0x0000000703a00000, 0x0000000800000000)
  region size 2048K, 2 young (4096K), 2 survivors (4096K)
 Metaspace       used 11879K, committed 12096K, reserved 1064960K
  class space    used 868K, committed 960K, reserved 1048576K
}
Event: 1.129 GC heap before
{Heap before GC invocations=6 (full 0):
 garbage-first heap   total 260096K, used 118751K [0x0000000703a00000, 0x0000000800000000)
  region size 2048K, 3 young (6144K), 2 survivors (4096K)
 Metaspace       used 11880K, committed 12096K, reserved 1064960K
  class space    used 868K, committed 960K, reserved 1048576K
}
Event: 1.130 GC heap after
{Heap after GC invocations=7 (full 0):
 garbage-first heap   total 483328K, used 116819K [0x0000000703a00000, 0x0000000800000000)
  region size 2048K, 2 young (4096K), 2 survivors (4096K)
 Metaspace       used 11880K, committed 12096K, reserved 1064960K
  class space    used 868K, committed 960K, reserved 1048576K
}
Event: 1.175 GC heap before
{Heap before GC invocations=7 (full 0):
 garbage-first heap   total 483328K, used 213075K [0x0000000703a00000, 0x0000000800000000)
  region size 2048K, 3 young (6144K), 2 survivors (4096K)
 Metaspace       used 11883K, committed 12096K, reserved 1064960K
  class space    used 868K, committed 960K, reserved 1048576K
}
Event: 1.176 GC heap after
{Heap after GC invocations=8 (full 0):
 garbage-first heap   total 483328K, used 161417K [0x0000000703a00000, 0x0000000800000000)
  region size 2048K, 1 young (2048K), 1 survivors (2048K)
 Metaspace       used 11883K, committed 12096K, reserved 1064960K
  class space    used 868K, committed 960K, reserved 1048576K
}

