# JRE version: Java(TM) SE Runtime Environment (16.0.2+7) (build 16.0.2+7-67)
# Java VM: Java HotSpot(TM) 64-Bit Server VM (16.0.2+7-67, mixed mode, sharing, tiered, compressed oops, compressed class ptrs, g1 gc, windows-amd64)
GC Precious Log:
 CPUs: 8 total, 8 available
 Memory: 16149M
 Large Page Support: Disabled
 NUMA Support: Disabled
 Compressed Oops: Enabled (Zero based)
 Heap Region Size: 2M
 Heap Min Capacity: 8M
 Heap Initial Capacity: 254M
 Heap Max Capacity: 4038M
 Pre-touch: Disabled
 Parallel Workers: 8
 Concurrent Workers: 2
 Concurrent Refinement Workers: 8
 Periodic GC: Disabled
Heap:
 garbage-first heap   total 260096K, used 92258K [0x0000000703a00000, 0x0000000800000000)
  region size 2048K, 35 young (71680K), 2 survivors (4096K)
 Metaspace       used 12550K, committed 12736K, reserved 1064960K
  class space    used 883K, committed 960K, reserved 1048576K
GC Heap History (6 events):
Event: 0.164 GC heap before
{Heap before GC invocations=0 (full 0):
 garbage-first heap   total 260096K, used 20480K [0x0000000703a00000, 0x0000000800000000)
  region size 2048K, 11 young (22528K), 0 survivors (0K)
 Metaspace       used 2661K, committed 2816K, reserved 1056768K
  class space    used 220K, committed 256K, reserved 1048576K
}
Event: 0.172 GC heap after
{Heap after GC invocations=1 (full 0):
 garbage-first heap   total 260096K, used 19913K [0x0000000703a00000, 0x0000000800000000)
  region size 2048K, 2 young (4096K), 2 survivors (4096K)
 Metaspace       used 2661K, committed 2816K, reserved 1056768K
  class space    used 220K, committed 256K, reserved 1048576K
}
Event: 1.254 GC heap before
{Heap before GC invocations=1 (full 0):
 garbage-first heap   total 260096K, used 32201K [0x0000000703a00000, 0x0000000800000000)
  region size 2048K, 8 young (16384K), 2 survivors (4096K)
 Metaspace       used 9728K, committed 9856K, reserved 1064960K
  class space    used 722K, committed 768K, reserved 1048576K
}
Event: 1.257 GC heap after
{Heap after GC invocations=2 (full 0):
 garbage-first heap   total 260096K, used 22165K [0x0000000703a00000, 0x0000000800000000)
  region size 2048K, 1 young (2048K), 1 survivors (2048K)
 Metaspace       used 9728K, committed 9856K, reserved 1064960K
  class space    used 722K, committed 768K, reserved 1048576K
}
Event: 9.010 GC heap before
{Heap before GC invocations=2 (full 0):
 garbage-first heap   total 260096K, used 54933K [0x0000000703a00000, 0x0000000800000000)
  region size 2048K, 17 young (34816K), 1 survivors (2048K)
 Metaspace       used 12276K, committed 12416K, reserved 1064960K
  class space    used 878K, committed 960K, reserved 1048576K
}
Event: 9.015 GC heap after
{Heap after GC invocations=3 (full 0):
 garbage-first heap   total 260096K, used 26722K [0x0000000703a00000, 0x0000000800000000)
  region size 2048K, 2 young (4096K), 2 survivors (4096K)
 Metaspace       used 12276K, committed 12416K, reserved 1064960K
  class space    used 878K, committed 960K, reserved 1048576K
}

