# JRE version: Java(TM) SE Runtime Environment (16.0.2+7) (build 16.0.2+7-67)
# Java VM: Java HotSpot(TM) 64-Bit Server VM (16.0.2+7-67, mixed mode, sharing, tiered, compressed oops, compressed class ptrs, g1 gc, windows-amd64)
GC Precious Log:
 CPUs: 8 total, 8 available
 Memory: 16149M
 Large Page Support: Disabled
 NUMA Support: Disabled
 Compressed Oops: Enabled (Zero based)
 Heap Region Size: 2M
 Heap Min Capacity: 8M
 Heap Initial Capacity: 254M
 Heap Max Capacity: 4038M
 Pre-touch: Disabled
 Parallel Workers: 8
 Concurrent Workers: 2
 Concurrent Refinement Workers: 8
 Periodic GC: Disabled
Heap:
 garbage-first heap   total 260096K, used 160972K [0x0000000703a00000, 0x0000000800000000)
  region size 2048K, 76 young (155648K), 1 survivors (2048K)
 Metaspace       used 12537K, committed 12672K, reserved 1064960K
  class space    used 881K, committed 960K, reserved 1048576K
GC Heap History (20 events):
Event: 10.222 GC heap before
{Heap before GC invocations=8 (full 0):
 garbage-first heap   total 260096K, used 160820K [0x0000000703a00000, 0x0000000800000000)
  region size 2048K, 76 young (155648K), 2 survivors (4096K)
 Metaspace       used 12321K, committed 12480K, reserved 1064960K
  class space    used 877K, committed 960K, reserved 1048576K
}
Event: 10.224 GC heap after
{Heap after GC invocations=9 (full 0):
 garbage-first heap   total 260096K, used 9694K [0x0000000703a00000, 0x0000000800000000)
  region size 2048K, 2 young (4096K), 2 survivors (4096K)
 Metaspace       used 12321K, committed 12480K, reserved 1064960K
  class space    used 877K, committed 960K, reserved 1048576K
}
Event: 11.426 GC heap before
{Heap before GC invocations=9 (full 0):
 garbage-first heap   total 260096K, used 161246K [0x0000000703a00000, 0x0000000800000000)
  region size 2048K, 76 young (155648K), 2 survivors (4096K)
 Metaspace       used 12375K, committed 12544K, reserved 1064960K
  class space    used 877K, committed 960K, reserved 1048576K
}
Event: 11.428 GC heap after
{Heap after GC invocations=10 (full 0):
 garbage-first heap   total 260096K, used 9327K [0x0000000703a00000, 0x0000000800000000)
  region size 2048K, 2 young (4096K), 2 survivors (4096K)
 Metaspace       used 12375K, committed 12544K, reserved 1064960K
  class space    used 877K, committed 960K, reserved 1048576K
}
Event: 12.650 GC heap before
{Heap before GC invocations=10 (full 0):
 garbage-first heap   total 260096K, used 160879K [0x0000000703a00000, 0x0000000800000000)
  region size 2048K, 76 young (155648K), 2 survivors (4096K)
 Metaspace       used 12375K, committed 12544K, reserved 1064960K
  class space    used 877K, committed 960K, reserved 1048576K
}
Event: 12.652 GC heap after
{Heap after GC invocations=11 (full 0):
 garbage-first heap   total 260096K, used 9670K [0x0000000703a00000, 0x0000000800000000)
  region size 2048K, 2 young (4096K), 2 survivors (4096K)
 Metaspace       used 12375K, committed 12544K, reserved 1064960K
  class space    used 877K, committed 960K, reserved 1048576K
}
Event: 13.895 GC heap before
{Heap before GC invocations=11 (full 0):
 garbage-first heap   total 260096K, used 161222K [0x0000000703a00000, 0x0000000800000000)
  region size 2048K, 76 young (155648K), 2 survivors (4096K)
 Metaspace       used 12375K, committed 12544K, reserved 1064960K
  class space    used 877K, committed 960K, reserved 1048576K
}
Event: 13.897 GC heap after
{Heap after GC invocations=12 (full 0):
 garbage-first heap   total 260096K, used 9434K [0x0000000703a00000, 0x0000000800000000)
  region size 2048K, 2 young (4096K), 2 survivors (4096K)
 Metaspace       used 12375K, committed 12544K, reserved 1064960K
  class space    used 877K, committed 960K, reserved 1048576K
}
Event: 15.135 GC heap before
{Heap before GC invocations=12 (full 0):
 garbage-first heap   total 260096K, used 160986K [0x0000000703a00000, 0x0000000800000000)
  region size 2048K, 76 young (155648K), 2 survivors (4096K)
 Metaspace       used 12442K, committed 12608K, reserved 1064960K
  class space    used 877K, committed 960K, reserved 1048576K
}
Event: 15.137 GC heap after
{Heap after GC invocations=13 (full 0):
 garbage-first heap   total 260096K, used 9387K [0x0000000703a00000, 0x0000000800000000)
  region size 2048K, 2 young (4096K), 2 survivors (4096K)
 Metaspace       used 12442K, committed 12608K, reserved 1064960K
  class space    used 877K, committed 960K, reserved 1048576K
}
Event: 16.360 GC heap before
{Heap before GC invocations=13 (full 0):
 garbage-first heap   total 260096K, used 160939K [0x0000000703a00000, 0x0000000800000000)
  region size 2048K, 76 young (155648K), 2 survivors (4096K)
 Metaspace       used 12442K, committed 12608K, reserved 1064960K
  class space    used 877K, committed 960K, reserved 1048576K
}
Event: 16.361 GC heap after
{Heap after GC invocations=14 (full 0):
 garbage-first heap   total 260096K, used 9317K [0x0000000703a00000, 0x0000000800000000)
  region size 2048K, 2 young (4096K), 2 survivors (4096K)
 Metaspace       used 12442K, committed 12608K, reserved 1064960K
  class space    used 877K, committed 960K, reserved 1048576K
}
Event: 17.600 GC heap before
{Heap before GC invocations=14 (full 0):
 garbage-first heap   total 260096K, used 160869K [0x0000000703a00000, 0x0000000800000000)
  region size 2048K, 76 young (155648K), 2 survivors (4096K)
 Metaspace       used 12442K, committed 12608K, reserved 1064960K
  class space    used 877K, committed 960K, reserved 1048576K
}
Event: 17.602 GC heap after
{Heap after GC invocations=15 (full 0):
 garbage-first heap   total 260096K, used 9325K [0x0000000703a00000, 0x0000000800000000)
  region size 2048K, 2 young (4096K), 2 survivors (4096K)
 Metaspace       used 12442K, committed 12608K, reserved 1064960K
  class space    used 877K, committed 960K, reserved 1048576K
}
Event: 18.820 GC heap before
{Heap before GC invocations=15 (full 0):
 garbage-first heap   total 260096K, used 160877K [0x0000000703a00000, 0x0000000800000000)
  region size 2048K, 76 young (155648K), 2 survivors (4096K)
 Metaspace       used 12442K, committed 12608K, reserved 1064960K
  class space    used 877K, committed 960K, reserved 1048576K
}
Event: 18.821 GC heap after
{Heap after GC invocations=16 (full 0):
 garbage-first heap   total 260096K, used 9639K [0x0000000703a00000, 0x0000000800000000)
  region size 2048K, 2 young (4096K), 2 survivors (4096K)
 Metaspace       used 12442K, committed 12608K, reserved 1064960K
  class space    used 877K, committed 960K, reserved 1048576K
}
Event: 20.042 GC heap before
{Heap before GC invocations=16 (full 0):
 garbage-first heap   total 260096K, used 161191K [0x0000000703a00000, 0x0000000800000000)
  region size 2048K, 76 young (155648K), 2 survivors (4096K)
 Metaspace       used 12493K, committed 12672K, reserved 1064960K
  class space    used 877K, committed 960K, reserved 1048576K
}
Event: 20.044 GC heap after
{Heap after GC invocations=17 (full 0):
 garbage-first heap   total 260096K, used 9351K [0x0000000703a00000, 0x0000000800000000)
  region size 2048K, 1 young (2048K), 1 survivors (2048K)
 Metaspace       used 12493K, committed 12672K, reserved 1064960K
  class space    used 877K, committed 960K, reserved 1048576K
}
Event: 21.283 GC heap before
{Heap before GC invocations=17 (full 0):
 garbage-first heap   total 260096K, used 162951K [0x0000000703a00000, 0x0000000800000000)
  region size 2048K, 76 young (155648K), 1 survivors (2048K)
 Metaspace       used 12493K, committed 12672K, reserved 1064960K
  class space    used 877K, committed 960K, reserved 1048576K
}
Event: 21.284 GC heap after
{Heap after GC invocations=18 (full 0):
 garbage-first heap   total 260096K, used 9420K [0x0000000703a00000, 0x0000000800000000)
  region size 2048K, 1 young (2048K), 1 survivors (2048K)
 Metaspace       used 12493K, committed 12672K, reserved 1064960K
  class space    used 877K, committed 960K, reserved 1048576K
}

